<?xml version="1.0" encoding="UTF-8" ?>
<testsuite errors="0" failures="2" hostname="janek-lap" name="pl.edu.agh.ftj.datamining.dbapi.webservice.WSIntegrationTest" tests="2" time="0.505" timestamp="2011-06-05T09:06:08">
  <properties>
    <property name="file.reference.postgresql-9.0-801.jdbc4.jar" value="WEB-INF/lib/postgresql-9.0-801.jdbc4.jar" />
    <property name="libs.jsp-compiler.javadoc" value="" />
    <property name="netbeans.autoupdate.country" value="PL" />
    <property name="javac.test.classpath" value="C:\Users\janek\.netbeans\6.9\modules\ext\axis2\activation-1.1.jar;C:\Users\janek\.netbeans\6.9\modules\ext\axis2\annogen-0.1.0.jar;C:\Users\janek\.netbeans\6.9\modules\ext\axis2\axiom-api-1.2.5.jar;C:\Users\janek\.netbeans\6.9\modules\ext\axis2\axiom-dom-1.2.5.jar;C:\Users\janek\.netbeans\6.9\modules\ext\axis2\axiom-impl-1.2.5.jar;C:\Users\janek\.netbeans\6.9\modules\ext\axis2\axis2-adb-1.3.jar;C:\Users\janek\.netbeans\6.9\modules\ext\axis2\axis2-adb-codegen-1.3.jar;C:\Users\janek\.netbeans\6.9\modules\ext\axis2\axis2-ant-plugin-1.3.jar;C:\Users\janek\.netbeans\6.9\modules\ext\axis2\axis2-clustering-1.3.jar;C:\Users\janek\.netbeans\6.9\modules\ext\axis2\axis2-codegen-1.3.jar;C:\Users\janek\.netbeans\6.9\modules\ext\axis2\axis2-fastinfoset-1.3.jar;C:\Users\janek\.netbeans\6.9\modules\ext\axis2\axis2-java2wsdl-1.3.jar;C:\Users\janek\.netbeans\6.9\modules\ext\axis2\axis2-jaxbri-1.3.jar;C:\Users\janek\.netbeans\6.9\modules\ext\axis2\axis2-jaxws-1.3.jar;C:\Users\janek\.netbeans\6.9\modules\ext\axis2\axis2-jaxws-api-1.3.jar;C:\Users\janek\.netbeans\6.9\modules\ext\axis2\axis2-jibx-1.3.jar;C:\Users\janek\.netbeans\6.9\modules\ext\axis2\axis2-json-1.3.jar;C:\Users\janek\.netbeans\6.9\modules\ext\axis2\axis2-jws-api-1.3.jar;C:\Users\janek\.netbeans\6.9\modules\ext\axis2\axis2-kernel-1.3.jar;C:\Users\janek\.netbeans\6.9\modules\ext\axis2\axis2-metadata-1.3.jar;C:\Users\janek\.netbeans\6.9\modules\ext\axis2\axis2-mtompolicy-1.3.jar;C:\Users\janek\.netbeans\6.9\modules\ext\axis2\axis2-saaj-1.3.jar;C:\Users\janek\.netbeans\6.9\modules\ext\axis2\axis2-saaj-api-1.3.jar;C:\Users\janek\.netbeans\6.9\modules\ext\axis2\axis2-spring-1.3.jar;C:\Users\janek\.netbeans\6.9\modules\ext\axis2\axis2-xmlbeans-1.3.jar;C:\Users\janek\.netbeans\6.9\modules\ext\axis2\commons-logging-1.1.jar;C:\Users\janek\.netbeans\6.9\modules\ext\axis2\neethi-2.0.2.jar;C:\Users\janek\.netbeans\6.9\modules\ext\axis2\stax-api-1.0.1.jar;C:\Users\janek\.netbeans\6.9\modules\ext\axis2\wsdl4j-1.6.2.jar;C:\Users\janek\.netbeans\6.9\modules\ext\axis2\wstx-asl-3.2.1.jar;C:\Users\janek\.netbeans\6.9\modules\ext\axis2\xbean-2.2.0.jar;C:\Users\janek\.netbeans\6.9\modules\ext\axis2\XmlSchema-1.3.2.jar:C:\Program Files\NetBeans 6.9.1\platform\modules\ext\junit-4.5.jar:WEB-INF/lib/sqlitejdbc-v056.jar:WEB-INF/lib/postgresql-9.0-801.jdbc4.jar:WEB-INF/lib/weka-src.jar:WEB-INF/lib/weka.jar:build/classes:C:\Program Files\NetBeans 6.9.1\platform\modules\ext\junit-4.5.jar" />
    <property name="libs.jsf20.maven-pom" value="" />
    <property name="libs.junit.javadoc" value="C:\Program Files\NetBeans 6.9.1\java\docs\junit-3.8.2-api.zip" />
    <property name="javac.includes" value="pl/edu/agh/ftj/datamining/dbapi/webservice/WSIntegrationTest.java" />
    <property name="ant.core.lib" value="C:\Program Files\NetBeans 6.9.1\java\ant\lib\ant.jar" />
    <property name="libs.swing-app-framework.src" value="" />
    <property name="javadoc.windowtitle" value="" />
    <property name="libs.toplink.classpath" value="C:\Program Files\NetBeans 6.9.1\java\modules\ext\toplink\toplink-essentials.jar;C:\Program Files\NetBeans 6.9.1\java\modules\ext\toplink\toplink-essentials-agent.jar" />
    <property name="libs.jsp-compilation.javadoc" value="" />
    <property name="user.dir" value="C:\Users\janek\Documents\NetBeansProjects\WekaDBApi\WekaDBApi" />
    <property name="libs.hibernate-persistence.javadoc" value="" />
    <property name="java.vm.version" value="16.3-b01" />
    <property name="libs.jstl11.maven-pom" value="" />
    <property name="libs.JAX-WS-ENDORSED.classpath" value="C:\Program Files\NetBeans 6.9.1\java\modules\ext\jaxws22\api\jaxws-api.jar;C:\Program Files\NetBeans 6.9.1\ide\modules\ext\jaxb\api\jaxb-api.jar" />
    <property name="libs.Java-EE-GlassFish-v3.wsimport" value="" />
    <property name="libs.MySQLDriver.classpath" value="C:\Program Files\NetBeans 6.9.1\ide\modules\ext\mysql-connector-java-5.1.6-bin.jar" />
    <property name="libs.jstl11.src" value="" />
    <property name="javadoc.notree" value="false" />
    <property name="netbeans.autoupdate.version" value="1.23" />
    <property name="libs.EclipseLink-GlassFish-v3.classpath" value="C:\glassfish3\glassfish\modules\org.eclipse.persistence.antlr.jar;C:\glassfish3\glassfish\modules\org.eclipse.persistence.asm.jar;C:\glassfish3\glassfish\modules\org.eclipse.persistence.core.jar;C:\glassfish3\glassfish\modules\org.eclipse.persistence.jpa.jar;C:\glassfish3\glassfish\modules\org.eclipse.persistence.jpa.modelgen.jar;C:\glassfish3\glassfish\modules\org.eclipse.persistence.oracle.jar;C:\glassfish3\glassfish\modules\javax.persistence.jar" />
    <property name="libs.javaee-web-api-6.0.classpath" value="C:\Program Files\NetBeans 6.9.1\enterprise\modules\ext\javaee-web-api-6.0.jar" />
    <property name="libs.hibernate-support.maven-pom" value="" />
    <property name="libs.hibernate-support.javadoc" value="" />
    <property name="jdk.home" value="C:\Program Files\Java\jdk1.6.0_20" />
    <property name="libs.javac-api.src" value="" />
    <property name="javadoc.noindex" value="false" />
    <property name="sun.os.patch.level" value="" />
    <property name="java.vm.specification.name" value="Java Virtual Machine Specification" />
    <property name="nb.show.statistics.ui" value="usageStatisticsEnabled" />
    <property name="netbeans.autoupdate.variant" value="" />
    <property name="have.tests" value="true" />
    <property name="org.xml.sax.driver" value="com.sun.org.apache.xerces.internal.jaxp.SAXParserImpl$JAXPSAXParser" />
    <property name="libs.javac-api.javadoc" value="" />
    <property name="os.name" value="Windows 7" />
    <property name="libs.beans-binding.classpath" value="C:\Program Files\NetBeans 6.9.1\java\modules\ext\beansbinding-1.2.1.jar" />
    <property name="libs.restapi.javadoc" value="C:\Program Files\NetBeans 6.9.1\enterprise\docs\jsr311-api-1.1.1-javadoc.zip" />
    <property name="libs.JWSAntTasks.maven-pom" value="" />
    <property name="libs.axis2.javadoc" value="" />
    <property name="libs.spring-webmvc3.0.src" value="" />
    <property name="libs.restapi.classpath" value="C:\Program Files\NetBeans 6.9.1\enterprise\modules\ext\rest\jsr311-api-1.1.1.jar" />
    <property name="java.vendor.url.bug" value="http://java.sun.com/cgi-bin/bugreport.cgi" />
    <property name="libs.jaxb.maven-pom" value="" />
    <property name="os.arch" value="x86" />
    <property name="libs.eclipselink.src" value="" />
    <property name="user.name" value="janek" />
    <property name="libs.jsf12.javadoc" value="C:\Program Files\NetBeans 6.9.1\enterprise\docs\javaee6-doc-api.zip" />
    <property name="libs.Comet-GlassFish-v3.javadoc" value="" />
    <property name="libs.spring-webmvc3.0.maven-pom" value="" />
    <property name="libs.swing-layout.maven-pom" value="" />
    <property name="build.classes.dir" value="build/classes" />
    <property name="netbeans.accept_license_class" value="org.netbeans.license.AcceptLicense" />
    <property name="jnlp.descriptor" value="application" />
    <property name="libs.Java-EE-GlassFish-v3.wsjwsdp" value="" />
    <property name="build.sysclasspath" value="ignore" />
    <property name="libs.jaxws21.javadoc" value="C:\Program Files\NetBeans 6.9.1\java\docs\jaxws-api-doc.zip" />
    <property name="includes" value="**" />
    <property name="libs.axis2.maven-pom" value="" />
    <property name="user.country" value="PL" />
    <property name="libs.jstl11.javadoc" value="C:\Program Files\NetBeans 6.9.1\enterprise\docs\javaee6-doc-api.zip" />
    <property name="javadoc.encoding" value="UTF-8" />
    <property name="javac.classpath" value="C:\Users\janek\.netbeans\6.9\modules\ext\axis2\activation-1.1.jar;C:\Users\janek\.netbeans\6.9\modules\ext\axis2\annogen-0.1.0.jar;C:\Users\janek\.netbeans\6.9\modules\ext\axis2\axiom-api-1.2.5.jar;C:\Users\janek\.netbeans\6.9\modules\ext\axis2\axiom-dom-1.2.5.jar;C:\Users\janek\.netbeans\6.9\modules\ext\axis2\axiom-impl-1.2.5.jar;C:\Users\janek\.netbeans\6.9\modules\ext\axis2\axis2-adb-1.3.jar;C:\Users\janek\.netbeans\6.9\modules\ext\axis2\axis2-adb-codegen-1.3.jar;C:\Users\janek\.netbeans\6.9\modules\ext\axis2\axis2-ant-plugin-1.3.jar;C:\Users\janek\.netbeans\6.9\modules\ext\axis2\axis2-clustering-1.3.jar;C:\Users\janek\.netbeans\6.9\modules\ext\axis2\axis2-codegen-1.3.jar;C:\Users\janek\.netbeans\6.9\modules\ext\axis2\axis2-fastinfoset-1.3.jar;C:\Users\janek\.netbeans\6.9\modules\ext\axis2\axis2-java2wsdl-1.3.jar;C:\Users\janek\.netbeans\6.9\modules\ext\axis2\axis2-jaxbri-1.3.jar;C:\Users\janek\.netbeans\6.9\modules\ext\axis2\axis2-jaxws-1.3.jar;C:\Users\janek\.netbeans\6.9\modules\ext\axis2\axis2-jaxws-api-1.3.jar;C:\Users\janek\.netbeans\6.9\modules\ext\axis2\axis2-jibx-1.3.jar;C:\Users\janek\.netbeans\6.9\modules\ext\axis2\axis2-json-1.3.jar;C:\Users\janek\.netbeans\6.9\modules\ext\axis2\axis2-jws-api-1.3.jar;C:\Users\janek\.netbeans\6.9\modules\ext\axis2\axis2-kernel-1.3.jar;C:\Users\janek\.netbeans\6.9\modules\ext\axis2\axis2-metadata-1.3.jar;C:\Users\janek\.netbeans\6.9\modules\ext\axis2\axis2-mtompolicy-1.3.jar;C:\Users\janek\.netbeans\6.9\modules\ext\axis2\axis2-saaj-1.3.jar;C:\Users\janek\.netbeans\6.9\modules\ext\axis2\axis2-saaj-api-1.3.jar;C:\Users\janek\.netbeans\6.9\modules\ext\axis2\axis2-spring-1.3.jar;C:\Users\janek\.netbeans\6.9\modules\ext\axis2\axis2-xmlbeans-1.3.jar;C:\Users\janek\.netbeans\6.9\modules\ext\axis2\commons-logging-1.1.jar;C:\Users\janek\.netbeans\6.9\modules\ext\axis2\neethi-2.0.2.jar;C:\Users\janek\.netbeans\6.9\modules\ext\axis2\stax-api-1.0.1.jar;C:\Users\janek\.netbeans\6.9\modules\ext\axis2\wsdl4j-1.6.2.jar;C:\Users\janek\.netbeans\6.9\modules\ext\axis2\wstx-asl-3.2.1.jar;C:\Users\janek\.netbeans\6.9\modules\ext\axis2\xbean-2.2.0.jar;C:\Users\janek\.netbeans\6.9\modules\ext\axis2\XmlSchema-1.3.2.jar:C:\Program Files\NetBeans 6.9.1\platform\modules\ext\junit-4.5.jar:WEB-INF/lib/sqlitejdbc-v056.jar:WEB-INF/lib/postgresql-9.0-801.jdbc4.jar:WEB-INF/lib/weka-src.jar:WEB-INF/lib/weka.jar" />
    <property name="debug-transport" value="dt_shmem" />
    <property name="netbeans.home" value="C:\Program Files\NetBeans 6.9.1\platform" />
    <property name="build.compiler.emacs" value="true" />
    <property name="libs.javaee-web-api-6.0.src" value="" />
    <property name="libs.ejb3-persistence.src" value="" />
    <property name="libs.Java-EE-GlassFish-v3.javadoc" value="C:\Program Files\NetBeans 6.9.1\enterprise\docs\javaee6-doc-api.zip" />
    <property name="java.endorsed.dirs" value="C:\Program Files\Java\jdk1.6.0_20\jre\lib\endorsed" />
    <property name="libs.axis2.src" value="" />
    <property name="libs.Comet-GlassFish-v3.maven-pom" value="" />
    <property name="test.includes" value="pl/edu/agh/ftj/datamining/dbapi/webservice/WSIntegrationTest.java" />
    <property name="netbeans.dynamic.classpath" value="C:\Program Files\NetBeans 6.9.1\platform\core\core.jar;C:\Program Files\NetBeans 6.9.1\platform\core\org-openide-filesystems.jar;C:\Program Files\NetBeans 6.9.1\platform\core\locale\core_ja.jar;C:\Program Files\NetBeans 6.9.1\platform\core\locale\core_pt_BR.jar;C:\Program Files\NetBeans 6.9.1\platform\core\locale\core_zh_CN.jar;C:\Program Files\NetBeans 6.9.1\platform\core\locale\org-openide-filesystems_ja.jar;C:\Program Files\NetBeans 6.9.1\platform\core\locale\org-openide-filesystems_pt_BR.jar;C:\Program Files\NetBeans 6.9.1\platform\core\locale\org-openide-filesystems_zh_CN.jar;C:\Program Files\NetBeans 6.9.1\nb\core\org-netbeans-upgrader.jar;C:\Program Files\NetBeans 6.9.1\nb\core\locale\core_nb.jar;C:\Program Files\NetBeans 6.9.1\nb\core\locale\core_nb_ja.jar;C:\Program Files\NetBeans 6.9.1\nb\core\locale\core_nb_pt_BR.jar;C:\Program Files\NetBeans 6.9.1\nb\core\locale\core_nb_zh_CN.jar;C:\Program Files\NetBeans 6.9.1\nb\core\locale\org-netbeans-upgrader_ja.jar;C:\Program Files\NetBeans 6.9.1\nb\core\locale\org-netbeans-upgrader_pt_BR.jar;C:\Program Files\NetBeans 6.9.1\nb\core\locale\org-netbeans-upgrader_zh_CN.jar" />
    <property name="jnlp.enabled" value="false" />
    <property name="java.vm.specification.version" value="1.0" />
    <property name="libs.javaee-api-6.0.classpath" value="C:\Program Files\NetBeans 6.9.1\enterprise\modules\ext\javaee-api-6.0.jar" />
    <property name="libs.hibernate-persistence.classpath" value="C:\Program Files\NetBeans 6.9.1\java\modules\ext\hibernate\antlr-2.7.6.jar;C:\Program Files\NetBeans 6.9.1\java\modules\ext\hibernate\asm.jar;C:\Program Files\NetBeans 6.9.1\java\modules\ext\hibernate\asm-attrs.jar;C:\Program Files\NetBeans 6.9.1\java\modules\ext\hibernate\cglib-2.1.3.jar;C:\Program Files\NetBeans 6.9.1\java\modules\ext\hibernate\commons-collections-2.1.1.jar;C:\Program Files\NetBeans 6.9.1\ide\modules\ext\commons-logging-1.1.jar;C:\Program Files\NetBeans 6.9.1\java\modules\ext\hibernate\dom4j-1.6.1.jar;C:\Program Files\NetBeans 6.9.1\java\modules\ext\hibernate\ehcache-1.2.3.jar;C:\Program Files\NetBeans 6.9.1\java\modules\ext\hibernate\jdbc2_0-stdext.jar;C:\Program Files\NetBeans 6.9.1\java\modules\ext\hibernate\jta.jar;C:\Program Files\NetBeans 6.9.1\java\modules\ext\hibernate\hibernate3.jar;C:\Program Files\NetBeans 6.9.1\java\modules\ext\hibernate\hibernate-tools.jar;C:\Program Files\NetBeans 6.9.1\java\modules\ext\hibernate\hibernate-annotations.jar;C:\Program Files\NetBeans 6.9.1\java\modules\ext\hibernate\hibernate-commons-annotations.jar;C:\Program Files\NetBeans 6.9.1\java\modules\ext\hibernate\hibernate-entitymanager.jar;C:\Program Files\NetBeans 6.9.1\java\modules\ext\hibernate\javassist.jar;C:\Program Files\NetBeans 6.9.1\java\modules\ext\hibernate\ejb3-persistence.jar" />
    <property name="libs.jaxws21.src" value="" />
    <property name="ant.file.WekaDBApi" value="C:\Users\janek\Documents\NetBeansProjects\WekaDBApi\WekaDBApi\build.xml" />
    <property name="application.title" value="WekaDBApi" />
    <property name="do.archive" value="true" />
    <property name="libs.swing-app-framework.classpath" value="C:\Program Files\NetBeans 6.9.1\java\modules\ext\appframework-1.0.3.jar;C:\Program Files\NetBeans 6.9.1\java\modules\ext\swing-worker-1.1.jar" />
    <property name="netbeans.autoupdate.language" value="pl" />
    <property name="java.vendor" value="Sun Microsystems Inc." />
    <property name="libs.javaee-api-6.0.javadoc" value="C:\Program Files\NetBeans 6.9.1\enterprise\docs\javaee6-doc-api.zip" />
    <property name="jar.index.metainf" value="false" />
    <property name="javac.debug" value="true" />
    <property name="javadoc.splitindex" value="true" />
    <property name="file.reference.weka-src.jar" value="WEB-INF/lib/weka-src.jar" />
    <property name="file.separator" value="\" />
    <property name="libs.IdentityAntTasks.src" value="" />
    <property name="javac.includesfile.binary" value="C:\Users\janek\Documents\NetBeansProjects\WekaDBApi\WekaDBApi\null1399543098" />
    <property name="libs.restlib_gfv3ee6.classpath" value="C:\glassfish3\glassfish\modules\asm-all-repackaged.jar;C:\glassfish3\glassfish\modules\jackson-core-asl.jar;C:\glassfish3\glassfish\modules\jersey-multipart.jar;C:\glassfish3\glassfish\modules\jettison.jar" />
    <property name="libs.junit_4.maven-pom" value="" />
    <property name="mkdist.disabled" value="false" />
    <property name="javac.test.processorpath" value="C:\Users\janek\.netbeans\6.9\modules\ext\axis2\activation-1.1.jar;C:\Users\janek\.netbeans\6.9\modules\ext\axis2\annogen-0.1.0.jar;C:\Users\janek\.netbeans\6.9\modules\ext\axis2\axiom-api-1.2.5.jar;C:\Users\janek\.netbeans\6.9\modules\ext\axis2\axiom-dom-1.2.5.jar;C:\Users\janek\.netbeans\6.9\modules\ext\axis2\axiom-impl-1.2.5.jar;C:\Users\janek\.netbeans\6.9\modules\ext\axis2\axis2-adb-1.3.jar;C:\Users\janek\.netbeans\6.9\modules\ext\axis2\axis2-adb-codegen-1.3.jar;C:\Users\janek\.netbeans\6.9\modules\ext\axis2\axis2-ant-plugin-1.3.jar;C:\Users\janek\.netbeans\6.9\modules\ext\axis2\axis2-clustering-1.3.jar;C:\Users\janek\.netbeans\6.9\modules\ext\axis2\axis2-codegen-1.3.jar;C:\Users\janek\.netbeans\6.9\modules\ext\axis2\axis2-fastinfoset-1.3.jar;C:\Users\janek\.netbeans\6.9\modules\ext\axis2\axis2-java2wsdl-1.3.jar;C:\Users\janek\.netbeans\6.9\modules\ext\axis2\axis2-jaxbri-1.3.jar;C:\Users\janek\.netbeans\6.9\modules\ext\axis2\axis2-jaxws-1.3.jar;C:\Users\janek\.netbeans\6.9\modules\ext\axis2\axis2-jaxws-api-1.3.jar;C:\Users\janek\.netbeans\6.9\modules\ext\axis2\axis2-jibx-1.3.jar;C:\Users\janek\.netbeans\6.9\modules\ext\axis2\axis2-json-1.3.jar;C:\Users\janek\.netbeans\6.9\modules\ext\axis2\axis2-jws-api-1.3.jar;C:\Users\janek\.netbeans\6.9\modules\ext\axis2\axis2-kernel-1.3.jar;C:\Users\janek\.netbeans\6.9\modules\ext\axis2\axis2-metadata-1.3.jar;C:\Users\janek\.netbeans\6.9\modules\ext\axis2\axis2-mtompolicy-1.3.jar;C:\Users\janek\.netbeans\6.9\modules\ext\axis2\axis2-saaj-1.3.jar;C:\Users\janek\.netbeans\6.9\modules\ext\axis2\axis2-saaj-api-1.3.jar;C:\Users\janek\.netbeans\6.9\modules\ext\axis2\axis2-spring-1.3.jar;C:\Users\janek\.netbeans\6.9\modules\ext\axis2\axis2-xmlbeans-1.3.jar;C:\Users\janek\.netbeans\6.9\modules\ext\axis2\commons-logging-1.1.jar;C:\Users\janek\.netbeans\6.9\modules\ext\axis2\neethi-2.0.2.jar;C:\Users\janek\.netbeans\6.9\modules\ext\axis2\stax-api-1.0.1.jar;C:\Users\janek\.netbeans\6.9\modules\ext\axis2\wsdl4j-1.6.2.jar;C:\Users\janek\.netbeans\6.9\modules\ext\axis2\wstx-asl-3.2.1.jar;C:\Users\janek\.netbeans\6.9\modules\ext\axis2\xbean-2.2.0.jar;C:\Users\janek\.netbeans\6.9\modules\ext\axis2\XmlSchema-1.3.2.jar:C:\Program Files\NetBeans 6.9.1\platform\modules\ext\junit-4.5.jar:WEB-INF/lib/sqlitejdbc-v056.jar:WEB-INF/lib/postgresql-9.0-801.jdbc4.jar:WEB-INF/lib/weka-src.jar:WEB-INF/lib/weka.jar:build/classes:C:\Program Files\NetBeans 6.9.1\platform\modules\ext\junit-4.5.jar" />
    <property name="netbeans.buildnumber" value="201011082200" />
    <property name="libs.JWSAntTasks.javadoc" value="" />
    <property name="build.generated.sources.dir" value="build/generated-sources" />
    <property name="user.variant" value="" />
    <property name="libs.Java-EE-GlassFish-v3.wscompile" value="" />
    <property name="sun.java.launcher" value="SUN_STANDARD" />
    <property name="libs.junit.classpath" value="C:\Program Files\NetBeans 6.9.1\java\modules\ext\junit-3.8.2.jar" />
    <property name="wscompile.classpath" value="C:\Program Files\Java\jdk1.6.0_20\jre\..\lib\tools.jar:C:\Users\janek\.netbeans\6.9\modules\ext\axis2\activation-1.1.jar;C:\Users\janek\.netbeans\6.9\modules\ext\axis2\annogen-0.1.0.jar;C:\Users\janek\.netbeans\6.9\modules\ext\axis2\axiom-api-1.2.5.jar;C:\Users\janek\.netbeans\6.9\modules\ext\axis2\axiom-dom-1.2.5.jar;C:\Users\janek\.netbeans\6.9\modules\ext\axis2\axiom-impl-1.2.5.jar;C:\Users\janek\.netbeans\6.9\modules\ext\axis2\axis2-adb-1.3.jar;C:\Users\janek\.netbeans\6.9\modules\ext\axis2\axis2-adb-codegen-1.3.jar;C:\Users\janek\.netbeans\6.9\modules\ext\axis2\axis2-ant-plugin-1.3.jar;C:\Users\janek\.netbeans\6.9\modules\ext\axis2\axis2-clustering-1.3.jar;C:\Users\janek\.netbeans\6.9\modules\ext\axis2\axis2-codegen-1.3.jar;C:\Users\janek\.netbeans\6.9\modules\ext\axis2\axis2-fastinfoset-1.3.jar;C:\Users\janek\.netbeans\6.9\modules\ext\axis2\axis2-java2wsdl-1.3.jar;C:\Users\janek\.netbeans\6.9\modules\ext\axis2\axis2-jaxbri-1.3.jar;C:\Users\janek\.netbeans\6.9\modules\ext\axis2\axis2-jaxws-1.3.jar;C:\Users\janek\.netbeans\6.9\modules\ext\axis2\axis2-jaxws-api-1.3.jar;C:\Users\janek\.netbeans\6.9\modules\ext\axis2\axis2-jibx-1.3.jar;C:\Users\janek\.netbeans\6.9\modules\ext\axis2\axis2-json-1.3.jar;C:\Users\janek\.netbeans\6.9\modules\ext\axis2\axis2-jws-api-1.3.jar;C:\Users\janek\.netbeans\6.9\modules\ext\axis2\axis2-kernel-1.3.jar;C:\Users\janek\.netbeans\6.9\modules\ext\axis2\axis2-metadata-1.3.jar;C:\Users\janek\.netbeans\6.9\modules\ext\axis2\axis2-mtompolicy-1.3.jar;C:\Users\janek\.netbeans\6.9\modules\ext\axis2\axis2-saaj-1.3.jar;C:\Users\janek\.netbeans\6.9\modules\ext\axis2\axis2-saaj-api-1.3.jar;C:\Users\janek\.netbeans\6.9\modules\ext\axis2\axis2-spring-1.3.jar;C:\Users\janek\.netbeans\6.9\modules\ext\axis2\axis2-xmlbeans-1.3.jar;C:\Users\janek\.netbeans\6.9\modules\ext\axis2\commons-logging-1.1.jar;C:\Users\janek\.netbeans\6.9\modules\ext\axis2\neethi-2.0.2.jar;C:\Users\janek\.netbeans\6.9\modules\ext\axis2\stax-api-1.0.1.jar;C:\Users\janek\.netbeans\6.9\modules\ext\axis2\wsdl4j-1.6.2.jar;C:\Users\janek\.netbeans\6.9\modules\ext\axis2\wstx-asl-3.2.1.jar;C:\Users\janek\.netbeans\6.9\modules\ext\axis2\xbean-2.2.0.jar;C:\Users\janek\.netbeans\6.9\modules\ext\axis2\XmlSchema-1.3.2.jar:C:\Program Files\NetBeans 6.9.1\platform\modules\ext\junit-4.5.jar:WEB-INF/lib/sqlitejdbc-v056.jar:WEB-INF/lib/postgresql-9.0-801.jdbc4.jar:WEB-INF/lib/weka-src.jar:WEB-INF/lib/weka.jar" />
    <property name="libs.jaxb.javadoc" value="C:\Program Files\NetBeans 6.9.1\ide\docs\jaxb-api-doc.zip" />
    <property name="libs.struts.classpath" value="C:\Program Files\NetBeans 6.9.1\enterprise\modules\ext\struts\antlr-2.7.2.jar;C:\Program Files\NetBeans 6.9.1\enterprise\modules\ext\struts\bsf-2.3.0.jar;C:\Program Files\NetBeans 6.9.1\enterprise\modules\ext\struts\commons-beanutils-1.7.0.jar;C:\Program Files\NetBeans 6.9.1\enterprise\modules\ext\struts\commons-chain-1.1.jar;C:\Program Files\NetBeans 6.9.1\enterprise\modules\ext\struts\commons-digester-1.8.jar;C:\Program Files\NetBeans 6.9.1\enterprise\modules\ext\struts\commons-fileupload-1.1.1.jar;C:\Program Files\NetBeans 6.9.1\enterprise\modules\ext\struts\commons-io-1.1.jar;C:\Program Files\NetBeans 6.9.1\enterprise\modules\ext\struts\commons-logging-1.0.4.jar;C:\Program Files\NetBeans 6.9.1\enterprise\modules\ext\struts\commons-validator-1.3.1.jar;C:\Program Files\NetBeans 6.9.1\enterprise\modules\ext\struts\jstl-1.0.2.jar;C:\Program Files\NetBeans 6.9.1\enterprise\modules\ext\struts\oro-2.0.8.jar;C:\Program Files\NetBeans 6.9.1\enterprise\modules\ext\struts\standard-1.0.2.jar;C:\Program Files\NetBeans 6.9.1\enterprise\modules\ext\struts\struts-core-1.3.8.jar;C:\Program Files\NetBeans 6.9.1\enterprise\modules\ext\struts\struts-el-1.3.8.jar;C:\Program Files\NetBeans 6.9.1\enterprise\modules\ext\struts\struts-extras-1.3.8.jar;C:\Program Files\NetBeans 6.9.1\enterprise\modules\ext\struts\struts-faces-1.3.8.jar;C:\Program Files\NetBeans 6.9.1\enterprise\modules\ext\struts\struts-mailreader-dao-1.3.8.jar;C:\Program Files\NetBeans 6.9.1\enterprise\modules\ext\struts\struts-scripting-1.3.8.jar;C:\Program Files\NetBeans 6.9.1\enterprise\modules\ext\struts\struts-taglib-1.3.8.jar;C:\Program Files\NetBeans 6.9.1\enterprise\modules\ext\struts\struts-tiles-1.3.8.jar" />
    <property name="javac.includes.binary" value="C:\Users\janek\Documents\NetBeansProjects\WekaDBApi\WekaDBApi\build\test\classes\pl\edu\agh\ftj\datamining\dbapi\webservice\WSIntegrationTest.class" />
    <property name="ant.home" value="C:\Program Files\NetBeans 6.9.1\java\ant" />
    <property name="libs.junit_4.src" value="C:\Program Files\NetBeans 6.9.1\java\docs\junit-4.5-src.jar" />
    <property name="libs.absolutelayout.maven-pom" value="" />
    <property name="ant.java.version" value="1.6" />
    <property name="java.library.path" value="C:\Program Files\Java\jdk1.6.0_20\jre\bin;.;C:\Windows\Sun\Java\bin;C:\Windows\system32;C:\Windows;C:\Program Files\PC Connectivity Solution\;C:\Program Files\MiKTeX 2.8\miktex\bin;C:\Windows\system32;C:\Windows;C:\Windows\system32\wbem;C:\Windows\system32\windowspowershell\v1.0\;c:\program files\winscp\;c:\program files\microsoft sql server\100\tools\binn\;c:\program files\microsoft sql server\100\dts\binn\;c:\program files\microsoft sql server\100\tools\binn\vsshell\common7\ide\;c:\program files\microsoft visual studio 9.0\common7\ide\privateassemblies\;c:\program files\ibm\gsk8\lib;C:\Program Files\MATLAB\R2009b\runtime\win32;C:\Program Files\MATLAB\R2009b\bin;C:\Program Files\MySQL\MySQL Server 5.5\bin;C:\Program Files\doxygen\bin;C:\Program Files\TortoiseGit\bin;C:\Program Files\Git\cmd;C:\Program Files\Apache Maven\bin;" />
    <property name="javadoc.author" value="false" />
    <property name="libs.metro.maven-pom" value="" />
    <property name="libs.IdentityAntTasks.classpath" value="C:\Program Files\NetBeans 6.9.1\identity\ant\nblib\org-netbeans-modules-identity-ant.jar;C:\Program Files\NetBeans 6.9.1\identity\modules\org-netbeans-modules-identity-profile-api.jar" />
    <property name="manifest.available+main.class-mkdist.available" value="true" />
    <property name="libs.EclipseLink-GlassFish-v3.src" value="" />
    <property name="java.util.logging.config.class" value="org.netbeans.core.startup.TopLogging" />
    <property name="libs.PostgreSQLDriver.src" value="" />
    <property name="sun.arch.data.model" value="32" />
    <property name="basedir" value="C:\Users\janek\Documents\NetBeansProjects\WekaDBApi\WekaDBApi" />
    <property name="jar.compress" value="false" />
    <property name="libs.jstl11.classpath" value="C:\Program Files\NetBeans 6.9.1\enterprise\modules\ext\standard.jar;C:\Program Files\NetBeans 6.9.1\enterprise\modules\ext\jstl.jar" />
    <property name="path.separator" value=";" />
    <property name="libs.javaee-web-api-6.0.javadoc" value="C:\Program Files\NetBeans 6.9.1\enterprise\docs\javaee6-doc-api.zip" />
    <property name="sun.io.unicode.encoding" value="UnicodeLittle" />
    <property name="libs.jaxws21.classpath" value="C:\Program Files\NetBeans 6.9.1\ide\modules\ext\jaxb\jaxb-impl.jar;C:\Program Files\NetBeans 6.9.1\ide\modules\ext\jaxb\jaxb-xjc.jar;C:\Program Files\NetBeans 6.9.1\java\modules\ext\jaxws22\FastInfoset.jar;C:\Program Files\NetBeans 6.9.1\java\modules\ext\jaxws22\gmbal-api-only.jar;C:\Program Files\NetBeans 6.9.1\java\modules\ext\jaxws22\http.jar;C:\Program Files\NetBeans 6.9.1\java\modules\ext\jaxws22\jaxws-rt.jar;C:\Program Files\NetBeans 6.9.1\java\modules\ext\jaxws22\jaxws-tools.jar;C:\Program Files\NetBeans 6.9.1\java\modules\ext\jaxws22\management-api.jar;C:\Program Files\NetBeans 6.9.1\java\modules\ext\jaxws22\mimepull.jar;C:\Program Files\NetBeans 6.9.1\java\modules\ext\jaxws22\policy.jar;C:\Program Files\NetBeans 6.9.1\java\modules\ext\jaxws22\saaj-impl.jar;C:\Program Files\NetBeans 6.9.1\java\modules\ext\jaxws22\stax-ex.jar;C:\Program Files\NetBeans 6.9.1\java\modules\ext\jaxws22\streambuffer.jar;C:\Program Files\NetBeans 6.9.1\java\modules\ext\jaxws22\woodstox.jar;C:\Program Files\NetBeans 6.9.1\java\modules\ext\jaxws22\api\jaxws-api.jar;C:\Program Files\NetBeans 6.9.1\java\modules\ext\jaxws22\api\jsr181-api.jar;C:\Program Files\NetBeans 6.9.1\java\modules\ext\jaxws22\api\jsr250-api.jar;C:\Program Files\NetBeans 6.9.1\java\modules\ext\jaxws22\api\saaj-api.jar;C:\Program Files\NetBeans 6.9.1\ide\modules\ext\jaxb\activation.jar;C:\Program Files\NetBeans 6.9.1\ide\modules\ext\jaxb\api\jaxb-api.jar;C:\Program Files\NetBeans 6.9.1\ide\modules\ext\jaxb\api\jsr173_api.jar" />
    <property name="libs.struts.src" value="" />
    <property name="compile.on.save" value="true" />
    <property name="apple.awt.graphics.UseQuartz" value="true" />
    <property name="user.language" value="pl" />
    <property name="libs.spring-framework.classpath" value="C:\Program Files\NetBeans 6.9.1\ide\modules\ext\commons-logging-1.1.jar;C:\Program Files\NetBeans 6.9.1\java\modules\ext\cglib-2.2.jar;C:\Program Files\NetBeans 6.9.1\java\modules\ext\spring\spring-2.5.6.SEC01.jar" />
    <property name="libs.eclipselink.maven-pom" value="" />
    <property name="application.vendor" value="janek" />
    <property name="libs.spring-framework300.maven-pom" value="" />
    <property name="run.test.classpath" value="C:\Users\janek\.netbeans\6.9\modules\ext\axis2\activation-1.1.jar;C:\Users\janek\.netbeans\6.9\modules\ext\axis2\annogen-0.1.0.jar;C:\Users\janek\.netbeans\6.9\modules\ext\axis2\axiom-api-1.2.5.jar;C:\Users\janek\.netbeans\6.9\modules\ext\axis2\axiom-dom-1.2.5.jar;C:\Users\janek\.netbeans\6.9\modules\ext\axis2\axiom-impl-1.2.5.jar;C:\Users\janek\.netbeans\6.9\modules\ext\axis2\axis2-adb-1.3.jar;C:\Users\janek\.netbeans\6.9\modules\ext\axis2\axis2-adb-codegen-1.3.jar;C:\Users\janek\.netbeans\6.9\modules\ext\axis2\axis2-ant-plugin-1.3.jar;C:\Users\janek\.netbeans\6.9\modules\ext\axis2\axis2-clustering-1.3.jar;C:\Users\janek\.netbeans\6.9\modules\ext\axis2\axis2-codegen-1.3.jar;C:\Users\janek\.netbeans\6.9\modules\ext\axis2\axis2-fastinfoset-1.3.jar;C:\Users\janek\.netbeans\6.9\modules\ext\axis2\axis2-java2wsdl-1.3.jar;C:\Users\janek\.netbeans\6.9\modules\ext\axis2\axis2-jaxbri-1.3.jar;C:\Users\janek\.netbeans\6.9\modules\ext\axis2\axis2-jaxws-1.3.jar;C:\Users\janek\.netbeans\6.9\modules\ext\axis2\axis2-jaxws-api-1.3.jar;C:\Users\janek\.netbeans\6.9\modules\ext\axis2\axis2-jibx-1.3.jar;C:\Users\janek\.netbeans\6.9\modules\ext\axis2\axis2-json-1.3.jar;C:\Users\janek\.netbeans\6.9\modules\ext\axis2\axis2-jws-api-1.3.jar;C:\Users\janek\.netbeans\6.9\modules\ext\axis2\axis2-kernel-1.3.jar;C:\Users\janek\.netbeans\6.9\modules\ext\axis2\axis2-metadata-1.3.jar;C:\Users\janek\.netbeans\6.9\modules\ext\axis2\axis2-mtompolicy-1.3.jar;C:\Users\janek\.netbeans\6.9\modules\ext\axis2\axis2-saaj-1.3.jar;C:\Users\janek\.netbeans\6.9\modules\ext\axis2\axis2-saaj-api-1.3.jar;C:\Users\janek\.netbeans\6.9\modules\ext\axis2\axis2-spring-1.3.jar;C:\Users\janek\.netbeans\6.9\modules\ext\axis2\axis2-xmlbeans-1.3.jar;C:\Users\janek\.netbeans\6.9\modules\ext\axis2\commons-logging-1.1.jar;C:\Users\janek\.netbeans\6.9\modules\ext\axis2\neethi-2.0.2.jar;C:\Users\janek\.netbeans\6.9\modules\ext\axis2\stax-api-1.0.1.jar;C:\Users\janek\.netbeans\6.9\modules\ext\axis2\wsdl4j-1.6.2.jar;C:\Users\janek\.netbeans\6.9\modules\ext\axis2\wstx-asl-3.2.1.jar;C:\Users\janek\.netbeans\6.9\modules\ext\axis2\xbean-2.2.0.jar;C:\Users\janek\.netbeans\6.9\modules\ext\axis2\XmlSchema-1.3.2.jar:C:\Program Files\NetBeans 6.9.1\platform\modules\ext\junit-4.5.jar:WEB-INF/lib/sqlitejdbc-v056.jar:WEB-INF/lib/postgresql-9.0-801.jdbc4.jar:WEB-INF/lib/weka-src.jar:WEB-INF/lib/weka.jar:build/classes:C:\Program Files\NetBeans 6.9.1\platform\modules\ext\junit-4.5.jar:build/test/classes" />
    <property name="ant.file.type.WekaDBApi-impl" value="file" />
    <property name="ant.project.invoked-targets" value="test-single" />
    <property name="useJavaUtilZip" value="true" />
    <property name="libs.swing-layout.javadoc" value="C:\Program Files\NetBeans 6.9.1\platform\docs\swing-layout-1.0.4-doc.zip" />
    <property name="libs.swing-app-framework.javadoc" value="C:\Program Files\NetBeans 6.9.1\java\docs\appframework-1.0.3-doc.zip" />
    <property name="libs.ejb3-persistence.maven-pom" value="" />
    <property name="file.reference.weka.jar" value="WEB-INF/lib/weka.jar" />
    <property name="https.nonProxyHosts" value="localhost|127.0.0.1|janek-lap" />
    <property name="libs.PostgreSQLDriver.maven-pom" value="" />
    <property name="java.class.version" value="50.0" />
    <property name="wscompile.tools.classpath" value="C:\Program Files\Java\jdk1.6.0_20\jre\..\lib\tools.jar" />
    <property name="axis2.deploy.war" value="C:\glassfish3\glassfish\domains\domain1\autodeploy\axis2.war" />
    <property name="libs.javaee-endorsed-api-6.0.src" value="" />
    <property name="netbeans.system_http_proxy" value="DIRECT" />
    <property name="libs.eclipselink.javadoc" value="C:\Program Files\NetBeans 6.9.1\enterprise\docs\javaee6-doc-api.zip" />
    <property name="libs.jsp-compilation.maven-pom" value="" />
    <property name="user.properties.file" value="C:\Users\janek\.netbeans\6.9\build.properties" />
    <property name="runtime.encoding" value="UTF-8" />
    <property name="libs.spring-framework.src" value="" />
    <property name="libs.javac-api.maven-pom" value="" />
    <property name="file.encoding.pkg" value="sun.io" />
    <property name="sun.cpu.endian" value="little" />
    <property name="libs.JWSAntTasks.classpath" value="C:\Program Files\NetBeans 6.9.1\java\ant\extra\org-netbeans-modules-javawebstart-anttasks.jar" />
    <property name="libs.spring-framework300.src" value="" />
    <property name="empty.dir" value="C:\Users\janek\Documents\NetBeansProjects\WekaDBApi\WekaDBApi\build\empty" />
    <property name="version-output" value="java version &quot;1.6" />
    <property name="javadoc.preview" value="true" />
    <property name="ant.file.type.WekaDBApi" value="file" />
    <property name="java.home" value="C:\Program Files\Java\jdk1.6.0_20\jre" />
    <property name="libs.jsp-compilation.src" value="" />
    <property name="libs.spring-webmvc.src" value="" />
    <property name="debug.test.classpath" value="C:\Users\janek\.netbeans\6.9\modules\ext\axis2\activation-1.1.jar;C:\Users\janek\.netbeans\6.9\modules\ext\axis2\annogen-0.1.0.jar;C:\Users\janek\.netbeans\6.9\modules\ext\axis2\axiom-api-1.2.5.jar;C:\Users\janek\.netbeans\6.9\modules\ext\axis2\axiom-dom-1.2.5.jar;C:\Users\janek\.netbeans\6.9\modules\ext\axis2\axiom-impl-1.2.5.jar;C:\Users\janek\.netbeans\6.9\modules\ext\axis2\axis2-adb-1.3.jar;C:\Users\janek\.netbeans\6.9\modules\ext\axis2\axis2-adb-codegen-1.3.jar;C:\Users\janek\.netbeans\6.9\modules\ext\axis2\axis2-ant-plugin-1.3.jar;C:\Users\janek\.netbeans\6.9\modules\ext\axis2\axis2-clustering-1.3.jar;C:\Users\janek\.netbeans\6.9\modules\ext\axis2\axis2-codegen-1.3.jar;C:\Users\janek\.netbeans\6.9\modules\ext\axis2\axis2-fastinfoset-1.3.jar;C:\Users\janek\.netbeans\6.9\modules\ext\axis2\axis2-java2wsdl-1.3.jar;C:\Users\janek\.netbeans\6.9\modules\ext\axis2\axis2-jaxbri-1.3.jar;C:\Users\janek\.netbeans\6.9\modules\ext\axis2\axis2-jaxws-1.3.jar;C:\Users\janek\.netbeans\6.9\modules\ext\axis2\axis2-jaxws-api-1.3.jar;C:\Users\janek\.netbeans\6.9\modules\ext\axis2\axis2-jibx-1.3.jar;C:\Users\janek\.netbeans\6.9\modules\ext\axis2\axis2-json-1.3.jar;C:\Users\janek\.netbeans\6.9\modules\ext\axis2\axis2-jws-api-1.3.jar;C:\Users\janek\.netbeans\6.9\modules\ext\axis2\axis2-kernel-1.3.jar;C:\Users\janek\.netbeans\6.9\modules\ext\axis2\axis2-metadata-1.3.jar;C:\Users\janek\.netbeans\6.9\modules\ext\axis2\axis2-mtompolicy-1.3.jar;C:\Users\janek\.netbeans\6.9\modules\ext\axis2\axis2-saaj-1.3.jar;C:\Users\janek\.netbeans\6.9\modules\ext\axis2\axis2-saaj-api-1.3.jar;C:\Users\janek\.netbeans\6.9\modules\ext\axis2\axis2-spring-1.3.jar;C:\Users\janek\.netbeans\6.9\modules\ext\axis2\axis2-xmlbeans-1.3.jar;C:\Users\janek\.netbeans\6.9\modules\ext\axis2\commons-logging-1.1.jar;C:\Users\janek\.netbeans\6.9\modules\ext\axis2\neethi-2.0.2.jar;C:\Users\janek\.netbeans\6.9\modules\ext\axis2\stax-api-1.0.1.jar;C:\Users\janek\.netbeans\6.9\modules\ext\axis2\wsdl4j-1.6.2.jar;C:\Users\janek\.netbeans\6.9\modules\ext\axis2\wstx-asl-3.2.1.jar;C:\Users\janek\.netbeans\6.9\modules\ext\axis2\xbean-2.2.0.jar;C:\Users\janek\.netbeans\6.9\modules\ext\axis2\XmlSchema-1.3.2.jar:C:\Program Files\NetBeans 6.9.1\platform\modules\ext\junit-4.5.jar:WEB-INF/lib/sqlitejdbc-v056.jar:WEB-INF/lib/postgresql-9.0-801.jdbc4.jar:WEB-INF/lib/weka-src.jar:WEB-INF/lib/weka.jar:build/classes:C:\Program Files\NetBeans 6.9.1\platform\modules\ext\junit-4.5.jar:build/test/classes" />
    <property name="libs.javaee-endorsed-api-6.0.classpath" value="C:\Program Files\NetBeans 6.9.1\enterprise\modules\ext\javaee6-endorsed\javax.annotation.jar;C:\Program Files\NetBeans 6.9.1\enterprise\modules\ext\javaee6-endorsed\jaxb-api-osgi.jar;C:\Program Files\NetBeans 6.9.1\enterprise\modules\ext\javaee6-endorsed\webservices-api-osgi.jar" />
    <property name="libs.javaee-api-6.0.src" value="" />
    <property name="netbeans.importclass" value="org.netbeans.upgrade.AutoUpgrade" />
    <property name="ant.project.default-target" value="default" />
    <property name="annotation.processing.run.all.processors" value="true" />
    <property name="file.reference.sqlitejdbc-v056.jar" value="WEB-INF/lib/sqlitejdbc-v056.jar" />
    <property name="libs.toplink.maven-pom" value="" />
    <property name="jar.archive.disabled" value="false" />
    <property name="libs.PostgreSQLDriver.javadoc" value="" />
    <property name="libs.restlib.classpath" value="C:\Program Files\NetBeans 6.9.1\enterprise\modules\ext\rest\asm-3.1.jar;C:\Program Files\NetBeans 6.9.1\enterprise\modules\ext\rest\jackson-core-asl-1.1.1.jar;C:\Program Files\NetBeans 6.9.1\enterprise\modules\ext\rest\jersey-client-1.1.5.1.jar;C:\Program Files\NetBeans 6.9.1\enterprise\modules\ext\rest\jersey-core-1.1.5.1.jar;C:\Program Files\NetBeans 6.9.1\enterprise\modules\ext\rest\jersey-json-1.1.5.1.jar;C:\Program Files\NetBeans 6.9.1\enterprise\modules\ext\rest\jersey-server-1.1.5.1.jar;C:\Program Files\NetBeans 6.9.1\enterprise\modules\ext\rest\jersey-spring-1.1.5.1.jar;C:\Program Files\NetBeans 6.9.1\enterprise\modules\ext\rest\jettison-1.1.jar;C:\Program Files\NetBeans 6.9.1\enterprise\modules\ext\rest\oauth-client-1.1.5.1.jar;C:\Program Files\NetBeans 6.9.1\enterprise\modules\ext\rest\oauth-signature-1.1.5.1.jar;C:\Program Files\NetBeans 6.9.1\ide\modules\ext\jaxb\activation.jar;C:\Program Files\NetBeans 6.9.1\ide\modules\ext\jaxb\api\jaxb-api.jar;C:\Program Files\NetBeans 6.9.1\ide\modules\ext\jaxb\api\jsr173_api.jar" />
    <property name="libs.JAX-WS-ENDORSED.maven-pom" value="" />
    <property name="libs.MySQLDriver.maven-pom" value="" />
    <property name="libs.JAX-WS-ENDORSED.src" value="" />
    <property name="http.nonProxyHosts" value="localhost|127.0.0.1|janek-lap" />
    <property name="libs.junit_4.javadoc" value="C:\Program Files\NetBeans 6.9.1\java\docs\junit-4.5-api.zip" />
    <property name="libs.spring-webmvc.javadoc" value="" />
    <property name="libs.toplink.src" value="" />
    <property name="libs.EclipseLink-GlassFish-v3.maven-pom" value="" />
    <property name="libs.javaee-web-api-6.0.maven-pom" value="" />
    <property name="run.classpath" value="C:\Users\janek\.netbeans\6.9\modules\ext\axis2\activation-1.1.jar;C:\Users\janek\.netbeans\6.9\modules\ext\axis2\annogen-0.1.0.jar;C:\Users\janek\.netbeans\6.9\modules\ext\axis2\axiom-api-1.2.5.jar;C:\Users\janek\.netbeans\6.9\modules\ext\axis2\axiom-dom-1.2.5.jar;C:\Users\janek\.netbeans\6.9\modules\ext\axis2\axiom-impl-1.2.5.jar;C:\Users\janek\.netbeans\6.9\modules\ext\axis2\axis2-adb-1.3.jar;C:\Users\janek\.netbeans\6.9\modules\ext\axis2\axis2-adb-codegen-1.3.jar;C:\Users\janek\.netbeans\6.9\modules\ext\axis2\axis2-ant-plugin-1.3.jar;C:\Users\janek\.netbeans\6.9\modules\ext\axis2\axis2-clustering-1.3.jar;C:\Users\janek\.netbeans\6.9\modules\ext\axis2\axis2-codegen-1.3.jar;C:\Users\janek\.netbeans\6.9\modules\ext\axis2\axis2-fastinfoset-1.3.jar;C:\Users\janek\.netbeans\6.9\modules\ext\axis2\axis2-java2wsdl-1.3.jar;C:\Users\janek\.netbeans\6.9\modules\ext\axis2\axis2-jaxbri-1.3.jar;C:\Users\janek\.netbeans\6.9\modules\ext\axis2\axis2-jaxws-1.3.jar;C:\Users\janek\.netbeans\6.9\modules\ext\axis2\axis2-jaxws-api-1.3.jar;C:\Users\janek\.netbeans\6.9\modules\ext\axis2\axis2-jibx-1.3.jar;C:\Users\janek\.netbeans\6.9\modules\ext\axis2\axis2-json-1.3.jar;C:\Users\janek\.netbeans\6.9\modules\ext\axis2\axis2-jws-api-1.3.jar;C:\Users\janek\.netbeans\6.9\modules\ext\axis2\axis2-kernel-1.3.jar;C:\Users\janek\.netbeans\6.9\modules\ext\axis2\axis2-metadata-1.3.jar;C:\Users\janek\.netbeans\6.9\modules\ext\axis2\axis2-mtompolicy-1.3.jar;C:\Users\janek\.netbeans\6.9\modules\ext\axis2\axis2-saaj-1.3.jar;C:\Users\janek\.netbeans\6.9\modules\ext\axis2\axis2-saaj-api-1.3.jar;C:\Users\janek\.netbeans\6.9\modules\ext\axis2\axis2-spring-1.3.jar;C:\Users\janek\.netbeans\6.9\modules\ext\axis2\axis2-xmlbeans-1.3.jar;C:\Users\janek\.netbeans\6.9\modules\ext\axis2\commons-logging-1.1.jar;C:\Users\janek\.netbeans\6.9\modules\ext\axis2\neethi-2.0.2.jar;C:\Users\janek\.netbeans\6.9\modules\ext\axis2\stax-api-1.0.1.jar;C:\Users\janek\.netbeans\6.9\modules\ext\axis2\wsdl4j-1.6.2.jar;C:\Users\janek\.netbeans\6.9\modules\ext\axis2\wstx-asl-3.2.1.jar;C:\Users\janek\.netbeans\6.9\modules\ext\axis2\xbean-2.2.0.jar;C:\Users\janek\.netbeans\6.9\modules\ext\axis2\XmlSchema-1.3.2.jar:C:\Program Files\NetBeans 6.9.1\platform\modules\ext\junit-4.5.jar:WEB-INF/lib/sqlitejdbc-v056.jar:WEB-INF/lib/postgresql-9.0-801.jdbc4.jar:WEB-INF/lib/weka-src.jar:WEB-INF/lib/weka.jar:build/classes" />
    <property name="libs.hibernate-support.src" value="" />
    <property name="libs.javaee-endorsed-api-6.0.javadoc" value="C:\Program Files\NetBeans 6.9.1\enterprise\docs\javaee6-doc-api.zip" />
    <property name="libs.spring-webmvc3.0.javadoc" value="" />
    <property name="annotation.processing.enabled.in.editor" value="false" />
    <property name="libs.restapi.src" value="" />
    <property name="sun.management.compiler" value="HotSpot Client Compiler" />
    <property name="javac.deprecation" value="false" />
    <property name="javadoc.use" value="true" />
    <property name="jna.boot.library.path" value="C:\Users\janek\.netbeans\6.9\var\cache\jna" />
    <property name="sun.java2d.noddraw" value="true" />
    <property name="libs.jsp-compiler.classpath" value="C:\Program Files\NetBeans 6.9.1\enterprise\ant\extra\jspcompile.jar" />
    <property name="javac.processorpath" value="C:\Users\janek\.netbeans\6.9\modules\ext\axis2\activation-1.1.jar;C:\Users\janek\.netbeans\6.9\modules\ext\axis2\annogen-0.1.0.jar;C:\Users\janek\.netbeans\6.9\modules\ext\axis2\axiom-api-1.2.5.jar;C:\Users\janek\.netbeans\6.9\modules\ext\axis2\axiom-dom-1.2.5.jar;C:\Users\janek\.netbeans\6.9\modules\ext\axis2\axiom-impl-1.2.5.jar;C:\Users\janek\.netbeans\6.9\modules\ext\axis2\axis2-adb-1.3.jar;C:\Users\janek\.netbeans\6.9\modules\ext\axis2\axis2-adb-codegen-1.3.jar;C:\Users\janek\.netbeans\6.9\modules\ext\axis2\axis2-ant-plugin-1.3.jar;C:\Users\janek\.netbeans\6.9\modules\ext\axis2\axis2-clustering-1.3.jar;C:\Users\janek\.netbeans\6.9\modules\ext\axis2\axis2-codegen-1.3.jar;C:\Users\janek\.netbeans\6.9\modules\ext\axis2\axis2-fastinfoset-1.3.jar;C:\Users\janek\.netbeans\6.9\modules\ext\axis2\axis2-java2wsdl-1.3.jar;C:\Users\janek\.netbeans\6.9\modules\ext\axis2\axis2-jaxbri-1.3.jar;C:\Users\janek\.netbeans\6.9\modules\ext\axis2\axis2-jaxws-1.3.jar;C:\Users\janek\.netbeans\6.9\modules\ext\axis2\axis2-jaxws-api-1.3.jar;C:\Users\janek\.netbeans\6.9\modules\ext\axis2\axis2-jibx-1.3.jar;C:\Users\janek\.netbeans\6.9\modules\ext\axis2\axis2-json-1.3.jar;C:\Users\janek\.netbeans\6.9\modules\ext\axis2\axis2-jws-api-1.3.jar;C:\Users\janek\.netbeans\6.9\modules\ext\axis2\axis2-kernel-1.3.jar;C:\Users\janek\.netbeans\6.9\modules\ext\axis2\axis2-metadata-1.3.jar;C:\Users\janek\.netbeans\6.9\modules\ext\axis2\axis2-mtompolicy-1.3.jar;C:\Users\janek\.netbeans\6.9\modules\ext\axis2\axis2-saaj-1.3.jar;C:\Users\janek\.netbeans\6.9\modules\ext\axis2\axis2-saaj-api-1.3.jar;C:\Users\janek\.netbeans\6.9\modules\ext\axis2\axis2-spring-1.3.jar;C:\Users\janek\.netbeans\6.9\modules\ext\axis2\axis2-xmlbeans-1.3.jar;C:\Users\janek\.netbeans\6.9\modules\ext\axis2\commons-logging-1.1.jar;C:\Users\janek\.netbeans\6.9\modules\ext\axis2\neethi-2.0.2.jar;C:\Users\janek\.netbeans\6.9\modules\ext\axis2\stax-api-1.0.1.jar;C:\Users\janek\.netbeans\6.9\modules\ext\axis2\wsdl4j-1.6.2.jar;C:\Users\janek\.netbeans\6.9\modules\ext\axis2\wstx-asl-3.2.1.jar;C:\Users\janek\.netbeans\6.9\modules\ext\axis2\xbean-2.2.0.jar;C:\Users\janek\.netbeans\6.9\modules\ext\axis2\XmlSchema-1.3.2.jar:C:\Program Files\NetBeans 6.9.1\platform\modules\ext\junit-4.5.jar:WEB-INF/lib/sqlitejdbc-v056.jar:WEB-INF/lib/postgresql-9.0-801.jdbc4.jar:WEB-INF/lib/weka-src.jar:WEB-INF/lib/weka.jar" />
    <property name="maven.mode.standalone" value="true" />
    <property name="libs.spring-webmvc.classpath" value="C:\Program Files\NetBeans 6.9.1\enterprise\modules\ext\spring\spring-webmvc-2.5.6.SEC01.jar" />
    <property name="javac.compilerargs" value="" />
    <property name="ant.file" value="C:\Users\janek\Documents\NetBeansProjects\WekaDBApi\WekaDBApi\build.xml" />
    <property name="libs.beans-binding.maven-pom" value="" />
    <property name="jnlp.codebase.type" value="no.codebase" />
    <property name="libs.jsf12.classpath" value="C:\Program Files\NetBeans 6.9.1\enterprise\modules\ext\jsf-1_2\commons-beanutils.jar;C:\Program Files\NetBeans 6.9.1\enterprise\modules\ext\jsf-1_2\commons-collections.jar;C:\Program Files\NetBeans 6.9.1\enterprise\modules\ext\jsf-1_2\commons-digester.jar;C:\Program Files\NetBeans 6.9.1\enterprise\modules\ext\jsf-1_2\commons-logging.jar;C:\Program Files\NetBeans 6.9.1\enterprise\modules\ext\jsf-1_2\jsf-api.jar;C:\Program Files\NetBeans 6.9.1\enterprise\modules\ext\jsf-1_2\jsf-impl.jar" />
    <property name="sun.awt.exception.handler" value="org.netbeans.core.startup.TopLogging$AWTHandler" />
    <property name="subversion.native.library" value="C:\Users\janek\.netbeans\6.9\modules\lib\libsvnjavahl-1.dll" />
    <property name="libs.restapi.maven-pom" value="" />
    <property name="libs.beans-binding.src" value="" />
    <property name="java.vm.specification.vendor" value="Sun Microsystems Inc." />
    <property name="libs.swing-layout.src" value="C:\Program Files\NetBeans 6.9.1\platform\docs\swing-layout-1.0.4-src.zip" />
    <property name="libs.Java-EE-GlassFish-v3.embedabbleejb" value="" />
    <property name="org.openide.major.version" value="IDE/1" />
    <property name="java.vm.name" value="Java HotSpot(TM) Client VM" />
    <property name="netbeans.user" value="C:\Users\janek\.netbeans\6.9" />
    <property name="javadoc.additionalparam" value="" />
    <property name="jnlp.offline-allowed" value="false" />
    <property name="java.io.tmpdir" value="C:\Users\janek\AppData\Local\Temp\" />
    <property name="java.vendor.url" value="http://java.sun.com/" />
    <property name="endorsed.classpath.cmd.line.arg" value="-Xbootclasspath/p:&apos;C:\Program Files\NetBeans 6.9.1\java\modules\ext\jaxws22\api\jaxws-api.jar;C:\Program Files\NetBeans 6.9.1\ide\modules\ext\jaxb\api\jaxb-api.jar&apos;" />
    <property name="libs.jsp-compiler.src" value="" />
    <property name="sun.boot.library.path" value="C:\Program Files\Java\jdk1.6.0_20\jre\bin" />
    <property name="have.sources" value="true" />
    <property name="debug.classpath" value="C:\Users\janek\.netbeans\6.9\modules\ext\axis2\activation-1.1.jar;C:\Users\janek\.netbeans\6.9\modules\ext\axis2\annogen-0.1.0.jar;C:\Users\janek\.netbeans\6.9\modules\ext\axis2\axiom-api-1.2.5.jar;C:\Users\janek\.netbeans\6.9\modules\ext\axis2\axiom-dom-1.2.5.jar;C:\Users\janek\.netbeans\6.9\modules\ext\axis2\axiom-impl-1.2.5.jar;C:\Users\janek\.netbeans\6.9\modules\ext\axis2\axis2-adb-1.3.jar;C:\Users\janek\.netbeans\6.9\modules\ext\axis2\axis2-adb-codegen-1.3.jar;C:\Users\janek\.netbeans\6.9\modules\ext\axis2\axis2-ant-plugin-1.3.jar;C:\Users\janek\.netbeans\6.9\modules\ext\axis2\axis2-clustering-1.3.jar;C:\Users\janek\.netbeans\6.9\modules\ext\axis2\axis2-codegen-1.3.jar;C:\Users\janek\.netbeans\6.9\modules\ext\axis2\axis2-fastinfoset-1.3.jar;C:\Users\janek\.netbeans\6.9\modules\ext\axis2\axis2-java2wsdl-1.3.jar;C:\Users\janek\.netbeans\6.9\modules\ext\axis2\axis2-jaxbri-1.3.jar;C:\Users\janek\.netbeans\6.9\modules\ext\axis2\axis2-jaxws-1.3.jar;C:\Users\janek\.netbeans\6.9\modules\ext\axis2\axis2-jaxws-api-1.3.jar;C:\Users\janek\.netbeans\6.9\modules\ext\axis2\axis2-jibx-1.3.jar;C:\Users\janek\.netbeans\6.9\modules\ext\axis2\axis2-json-1.3.jar;C:\Users\janek\.netbeans\6.9\modules\ext\axis2\axis2-jws-api-1.3.jar;C:\Users\janek\.netbeans\6.9\modules\ext\axis2\axis2-kernel-1.3.jar;C:\Users\janek\.netbeans\6.9\modules\ext\axis2\axis2-metadata-1.3.jar;C:\Users\janek\.netbeans\6.9\modules\ext\axis2\axis2-mtompolicy-1.3.jar;C:\Users\janek\.netbeans\6.9\modules\ext\axis2\axis2-saaj-1.3.jar;C:\Users\janek\.netbeans\6.9\modules\ext\axis2\axis2-saaj-api-1.3.jar;C:\Users\janek\.netbeans\6.9\modules\ext\axis2\axis2-spring-1.3.jar;C:\Users\janek\.netbeans\6.9\modules\ext\axis2\axis2-xmlbeans-1.3.jar;C:\Users\janek\.netbeans\6.9\modules\ext\axis2\commons-logging-1.1.jar;C:\Users\janek\.netbeans\6.9\modules\ext\axis2\neethi-2.0.2.jar;C:\Users\janek\.netbeans\6.9\modules\ext\axis2\stax-api-1.0.1.jar;C:\Users\janek\.netbeans\6.9\modules\ext\axis2\wsdl4j-1.6.2.jar;C:\Users\janek\.netbeans\6.9\modules\ext\axis2\wstx-asl-3.2.1.jar;C:\Users\janek\.netbeans\6.9\modules\ext\axis2\xbean-2.2.0.jar;C:\Users\janek\.netbeans\6.9\modules\ext\axis2\XmlSchema-1.3.2.jar:C:\Program Files\NetBeans 6.9.1\platform\modules\ext\junit-4.5.jar:WEB-INF/lib/sqlitejdbc-v056.jar:WEB-INF/lib/postgresql-9.0-801.jdbc4.jar:WEB-INF/lib/weka-src.jar:WEB-INF/lib/weka.jar:build/classes" />
    <property name="javadoc.private" value="false" />
    <property name="test.src.dir" value="test" />
    <property name="libs.jsf20.classpath" value="C:\Program Files\NetBeans 6.9.1\enterprise\modules\ext\jsf-2_0\jsf-api.jar;C:\Program Files\NetBeans 6.9.1\enterprise\modules\ext\jsf-2_0\jsf-impl.jar" />
    <property name="meta.inf.dir" value="src/META-INF" />
    <property name="javadoc.encoding.used" value="UTF-8" />
    <property name="dist.jar" value="dist/WekaDBApi.jar" />
    <property name="java.runtime.name" value="Java(TM) SE Runtime Environment" />
    <property name="ant.project.name" value="WekaDBApi" />
    <property name="netbeans.hash.code" value="unique=NB_JAVA_WEBEE01985dbab-03b4-4233-815d-ecaa233f4990_1ee724c6-c5f0-4b0f-b589-33c7d5b3099b" />
    <property name="manifest.available-mkdist.available" value="true" />
    <property name="sun.cpu.isalist" value="pentium_pro+mmx pentium_pro pentium+mmx pentium i486 i386 i86" />
    <property name="libs.CopyLibs.javadoc" value="" />
    <property name="org.openide.specification.version" value="6.2" />
    <property name="libs.hibernate-support.classpath" value="C:\Program Files\NetBeans 6.9.1\java\modules\ext\hibernate\antlr-2.7.6.jar;C:\Program Files\NetBeans 6.9.1\java\modules\ext\hibernate\asm.jar;C:\Program Files\NetBeans 6.9.1\java\modules\ext\hibernate\asm-attrs.jar;C:\Program Files\NetBeans 6.9.1\java\modules\ext\hibernate\cglib-2.1.3.jar;C:\Program Files\NetBeans 6.9.1\java\modules\ext\hibernate\commons-collections-2.1.1.jar;C:\Program Files\NetBeans 6.9.1\ide\modules\ext\commons-logging-1.1.jar;C:\Program Files\NetBeans 6.9.1\java\modules\ext\hibernate\dom4j-1.6.1.jar;C:\Program Files\NetBeans 6.9.1\java\modules\ext\hibernate\ehcache-1.2.3.jar;C:\Program Files\NetBeans 6.9.1\java\modules\ext\hibernate\jdbc2_0-stdext.jar;C:\Program Files\NetBeans 6.9.1\java\modules\ext\hibernate\jta.jar;C:\Program Files\NetBeans 6.9.1\java\modules\ext\hibernate\hibernate3.jar;C:\Program Files\NetBeans 6.9.1\java\modules\ext\hibernate\hibernate-tools.jar;C:\Program Files\NetBeans 6.9.1\java\modules\ext\hibernate\hibernate-annotations.jar;C:\Program Files\NetBeans 6.9.1\java\modules\ext\hibernate\hibernate-commons-annotations.jar;C:\Program Files\NetBeans 6.9.1\java\modules\ext\hibernate\hibernate-entitymanager.jar;C:\Program Files\NetBeans 6.9.1\java\modules\ext\hibernate\javassist.jar" />
    <property name="user.home" value="C:\Users\janek" />
    <property name="annotation.processing.processors.list" value="" />
    <property name="debug-args-line" value="-Xdebug" />
    <property name="ant.file.WekaDBApi-impl" value="C:\Users\janek\Documents\NetBeansProjects\WekaDBApi\WekaDBApi\nbproject\build-impl.xml" />
    <property name="libs.javaee-api-6.0.maven-pom" value="" />
    <property name="libs.JWSAntTasks.src" value="" />
    <property name="jar.index" value="false" />
    <property name="libs.CopyLibs.maven-pom" value="" />
    <property name="libs.spring-framework300.javadoc" value="" />
    <property name="libs.hibernate-persistence.maven-pom" value="" />
    <property name="libs.absolutelayout.javadoc" value="" />
    <property name="java.specification.name" value="Java Platform API Specification" />
    <property name="libs.swing-app-framework.maven-pom" value="" />
    <property name="jnlp.mixed.code" value="defaut" />
    <property name="java.specification.vendor" value="Sun Microsystems Inc." />
    <property name="libs.javac-api.classpath" value="C:\Program Files\NetBeans 6.9.1\java\modules\ext\javac-api-nb-7.0-b07.jar" />
    <property name="java.version" value="1.6.0_20" />
    <property name="javadoc.version" value="true" />
    <property name="libs.MySQLDriver.javadoc" value="" />
    <property name="org.openide.version" value="deprecated" />
    <property name="libs.restlib_gfv3ee6.maven-pom" value="" />
    <property name="source.encoding" value="UTF-8" />
    <property name="ap.cmd.line.internal" value="" />
    <property name="libs.junit.maven-pom" value="" />
    <property name="libs.metro.javadoc" value="C:\Program Files\NetBeans 6.9.1\enterprise\docs\metro-1.4-doc.zip" />
    <property name="libs.struts.maven-pom" value="" />
    <property name="test.selenium.dir" value="selenium" />
    <property name="netbeans.home+have.tests" value="true" />
    <property name="annotation.processing.processor.options" value="" />
    <property name="libs.IdentityAntTasks.maven-pom" value="" />
    <property name="libs.jaxb.src" value="" />
    <property name="libs.Java-EE-GlassFish-v3.wsgenerate" value="" />
    <property name="work.dir" value="C:\Users\janek\Documents\NetBeansProjects\WekaDBApi\WekaDBApi" />
    <property name="libs.jaxb.classpath" value="C:\Program Files\NetBeans 6.9.1\ide\modules\ext\jaxb\jaxb-impl.jar;C:\Program Files\NetBeans 6.9.1\ide\modules\ext\jaxb\jaxb-xjc.jar;C:\Program Files\NetBeans 6.9.1\ide\modules\ext\jaxb\jaxb1-impl.jar;C:\Program Files\NetBeans 6.9.1\ide\modules\ext\jaxb\activation.jar;C:\Program Files\NetBeans 6.9.1\ide\modules\ext\jaxb\api\jaxb-api.jar;C:\Program Files\NetBeans 6.9.1\ide\modules\ext\jaxb\api\jsr173_api.jar" />
    <property name="do.depend" value="false" />
    <property name="dist.javadoc.dir" value="dist/javadoc" />
    <property name="libs.swing-layout.classpath" value="C:\Program Files\NetBeans 6.9.1\platform\modules\ext\swing-layout-1.0.4.jar" />
    <property name="libs.spring-webmvc3.0.classpath" value="C:\Program Files\NetBeans 6.9.1\java\modules\ext\spring-3.0\spring-webmvc-3.0.2.RELEASE.jar" />
    <property name="libs.restlib.src" value="" />
    <property name="build.generated.dir" value="build/generated" />
    <property name="javac.source" value="1.5" />
    <property name="libs.hibernate-persistence.src" value="" />
    <property name="line.separator" value="
" />
    <property name="java.specification.version" value="1.6" />
    <property name="libs.jaxws21.maven-pom" value="" />
    <property name="java.vm.info" value="mixed mode" />
    <property name="junit.forkmode" value="perTest" />
    <property name="libs.axis2.classpath" value="C:\Users\janek\.netbeans\6.9\modules\ext\axis2\activation-1.1.jar;C:\Users\janek\.netbeans\6.9\modules\ext\axis2\annogen-0.1.0.jar;C:\Users\janek\.netbeans\6.9\modules\ext\axis2\axiom-api-1.2.5.jar;C:\Users\janek\.netbeans\6.9\modules\ext\axis2\axiom-dom-1.2.5.jar;C:\Users\janek\.netbeans\6.9\modules\ext\axis2\axiom-impl-1.2.5.jar;C:\Users\janek\.netbeans\6.9\modules\ext\axis2\axis2-adb-1.3.jar;C:\Users\janek\.netbeans\6.9\modules\ext\axis2\axis2-adb-codegen-1.3.jar;C:\Users\janek\.netbeans\6.9\modules\ext\axis2\axis2-ant-plugin-1.3.jar;C:\Users\janek\.netbeans\6.9\modules\ext\axis2\axis2-clustering-1.3.jar;C:\Users\janek\.netbeans\6.9\modules\ext\axis2\axis2-codegen-1.3.jar;C:\Users\janek\.netbeans\6.9\modules\ext\axis2\axis2-fastinfoset-1.3.jar;C:\Users\janek\.netbeans\6.9\modules\ext\axis2\axis2-java2wsdl-1.3.jar;C:\Users\janek\.netbeans\6.9\modules\ext\axis2\axis2-jaxbri-1.3.jar;C:\Users\janek\.netbeans\6.9\modules\ext\axis2\axis2-jaxws-1.3.jar;C:\Users\janek\.netbeans\6.9\modules\ext\axis2\axis2-jaxws-api-1.3.jar;C:\Users\janek\.netbeans\6.9\modules\ext\axis2\axis2-jibx-1.3.jar;C:\Users\janek\.netbeans\6.9\modules\ext\axis2\axis2-json-1.3.jar;C:\Users\janek\.netbeans\6.9\modules\ext\axis2\axis2-jws-api-1.3.jar;C:\Users\janek\.netbeans\6.9\modules\ext\axis2\axis2-kernel-1.3.jar;C:\Users\janek\.netbeans\6.9\modules\ext\axis2\axis2-metadata-1.3.jar;C:\Users\janek\.netbeans\6.9\modules\ext\axis2\axis2-mtompolicy-1.3.jar;C:\Users\janek\.netbeans\6.9\modules\ext\axis2\axis2-saaj-1.3.jar;C:\Users\janek\.netbeans\6.9\modules\ext\axis2\axis2-saaj-api-1.3.jar;C:\Users\janek\.netbeans\6.9\modules\ext\axis2\axis2-spring-1.3.jar;C:\Users\janek\.netbeans\6.9\modules\ext\axis2\axis2-xmlbeans-1.3.jar;C:\Users\janek\.netbeans\6.9\modules\ext\axis2\commons-logging-1.1.jar;C:\Users\janek\.netbeans\6.9\modules\ext\axis2\neethi-2.0.2.jar;C:\Users\janek\.netbeans\6.9\modules\ext\axis2\stax-api-1.0.1.jar;C:\Users\janek\.netbeans\6.9\modules\ext\axis2\wsdl4j-1.6.2.jar;C:\Users\janek\.netbeans\6.9\modules\ext\axis2\wstx-asl-3.2.1.jar;C:\Users\janek\.netbeans\6.9\modules\ext\axis2\xbean-2.2.0.jar;C:\Users\janek\.netbeans\6.9\modules\ext\axis2\XmlSchema-1.3.2.jar" />
    <property name="libs.spring-framework.maven-pom" value="" />
    <property name="sun.boot.class.path" value="C:\Program Files\NetBeans 6.9.1\java\modules\ext\jaxws22\api\jaxws-api.jar;C:\Program Files\NetBeans 6.9.1\ide\modules\ext\jaxb\api\jaxb-api.jar;C:\Program Files\Java\jdk1.6.0_20\jre\lib\resources.jar;C:\Program Files\Java\jdk1.6.0_20\jre\lib\rt.jar;C:\Program Files\Java\jdk1.6.0_20\jre\lib\sunrsasign.jar;C:\Program Files\Java\jdk1.6.0_20\jre\lib\jsse.jar;C:\Program Files\Java\jdk1.6.0_20\jre\lib\jce.jar;C:\Program Files\Java\jdk1.6.0_20\jre\lib\charsets.jar;C:\Program Files\Java\jdk1.6.0_20\jre\classes" />
    <property name="javac.target" value="1.5" />
    <property name="built-jar.properties" value="C:\Users\janek\Documents\NetBeansProjects\WekaDBApi\WekaDBApi\build\built-jar.properties" />
    <property name="build.test.classes.dir" value="build/test/classes" />
    <property name="src.dir" value="src" />
    <property name="libs.IdentityAntTasks.javadoc" value="" />
    <property name="sun.awt.keepWorkingSetOnMinimize" value="true" />
    <property name="annotation.processing.enabled" value="true" />
    <property name="libs.jsf20.src" value="" />
    <property name="libs.jsf12.src" value="" />
    <property name="libs.struts.javadoc" value="C:\Program Files\NetBeans 6.9.1\enterprise\docs\struts-1.3.8-javadoc.zip" />
    <property name="libs.Comet-GlassFish-v3.classpath" value="C:\glassfish3\glassfish\modules\grizzly-comet.jar" />
    <property name="libs.restlib_gfv3ee6.javadoc" value="C:\Program Files\NetBeans 6.9.1\enterprise\docs\jsr311-api-1.1.1-javadoc.zip" />
    <property name="libs.JAX-WS-ENDORSED.javadoc" value="" />
    <property name="dist.dir" value="dist" />
    <property name="javac.fork" value="true" />
    <property name="java.awt.printerjob" value="sun.awt.windows.WPrinterJob" />
    <property name="default.javac.source" value="1.6" />
    <property name="debug-transport-by-os" value="dt_shmem" />
    <property name="sun.jnu.encoding" value="Cp1250" />
    <property name="libs.MySQLDriver.src" value="" />
    <property name="build.test.results.dir" value="build/test/results" />
    <property name="java.runtime.version" value="1.6.0_20-b02" />
    <property name="libs.ejb3-persistence.javadoc" value="" />
    <property name="default.javac.target" value="1.6" />
    <property name="libs.Java-EE-GlassFish-v3.src" value="" />
    <property name="libs.junit_4.classpath" value="C:\Program Files\NetBeans 6.9.1\platform\modules\ext\junit-4.5.jar" />
    <property name="user.timezone" value="" />
    <property name="wscompile.client.DataAccessService.features" value="searchschema,wsi,strict" />
    <property name="do.jar" value="true" />
    <property name="libs.javaee-endorsed-api-6.0.maven-pom" value="" />
    <property name="netbeans.dirs" value="C:\Program Files\NetBeans 6.9.1\nb;C:\Program Files\NetBeans 6.9.1\ide;C:\Program Files\NetBeans 6.9.1\java;C:\Program Files\NetBeans 6.9.1\ergonomics;C:\Program Files\NetBeans 6.9.1\xml;C:\Program Files\NetBeans 6.9.1\apisupport;C:\Program Files\NetBeans 6.9.1\webcommon;C:\Program Files\NetBeans 6.9.1\websvccommon;C:\Program Files\NetBeans 6.9.1\enterprise;C:\Program Files\NetBeans 6.9.1\mobility;C:\Program Files\NetBeans 6.9.1\profiler;C:\Program Files\NetBeans 6.9.1\ruby;C:\Program Files\NetBeans 6.9.1\python;C:\Program Files\NetBeans 6.9.1\php;C:\Program Files\NetBeans 6.9.1\visualweb;C:\Program Files\NetBeans 6.9.1\soa;C:\Program Files\NetBeans 6.9.1\identity;C:\Program Files\NetBeans 6.9.1\uml;C:\Program Files\NetBeans 6.9.1\harness;C:\Program Files\NetBeans 6.9.1\cnd;C:\Program Files\NetBeans 6.9.1\dlight;C:\Program Files\NetBeans 6.9.1\groovy;C:\Program Files\NetBeans 6.9.1\extra;C:\Program Files\NetBeans 6.9.1\javafx;C:\Program Files\NetBeans 6.9.1\javacard" />
    <property name="libs.jsf20.javadoc" value="C:\Program Files\NetBeans 6.9.1\enterprise\docs\javaee6-doc-api.zip" />
    <property name="libs.restlib_gfv3ee6.src" value="" />
    <property name="java.ext.dirs" value="C:\Program Files\Java\jdk1.6.0_20\jre\lib\ext;C:\Windows\Sun\Java\lib\ext" />
    <property name="libs.metro.src" value="" />
    <property name="endorsed.classpath" value="C:\Program Files\NetBeans 6.9.1\java\modules\ext\jaxws22\api\jaxws-api.jar;C:\Program Files\NetBeans 6.9.1\ide\modules\ext\jaxb\api\jaxb-api.jar:C:\Program Files\NetBeans 6.9.1\java\modules\ext\jaxws22\api\jaxws-api.jar;C:\Program Files\NetBeans 6.9.1\ide\modules\ext\jaxb\api\jaxb-api.jar:C:\Program Files\NetBeans 6.9.1\java\modules\ext\jaxws22\api\jaxws-api.jar;C:\Program Files\NetBeans 6.9.1\ide\modules\ext\jaxb\api\jaxb-api.jar" />
    <property name="libs.absolutelayout.classpath" value="" />
    <property name="excludes" value="" />
    <property name="libs.restlib.maven-pom" value="" />
    <property name="libs.metro.classpath" value="C:\Program Files\NetBeans 6.9.1\ide\modules\ext\jaxb\activation.jar;C:\Program Files\NetBeans 6.9.1\enterprise\modules\ext\metro\webservices-api.jar;C:\Program Files\NetBeans 6.9.1\enterprise\modules\ext\metro\webservices-extra-api.jar;C:\Program Files\NetBeans 6.9.1\enterprise\modules\ext\metro\webservices-extra.jar;C:\Program Files\NetBeans 6.9.1\enterprise\modules\ext\metro\webservices-rt.jar;C:\Program Files\NetBeans 6.9.1\enterprise\modules\ext\metro\webservices-tools.jar" />
    <property name="wscompile.client.DataAccessService.package" value="pl.edu.agh.ftj.datamining.dbapi.jaxrpc" />
    <property name="apple.laf.useScreenMenuBar" value="true" />
    <property name="java.class.path" value="C:\Users\janek\.netbeans\6.9\modules\ext\axis2\activation-1.1.jar;C:\Users\janek\.netbeans\6.9\modules\ext\axis2\annogen-0.1.0.jar;C:\Users\janek\.netbeans\6.9\modules\ext\axis2\axiom-api-1.2.5.jar;C:\Users\janek\.netbeans\6.9\modules\ext\axis2\axiom-dom-1.2.5.jar;C:\Users\janek\.netbeans\6.9\modules\ext\axis2\axiom-impl-1.2.5.jar;C:\Users\janek\.netbeans\6.9\modules\ext\axis2\axis2-adb-1.3.jar;C:\Users\janek\.netbeans\6.9\modules\ext\axis2\axis2-adb-codegen-1.3.jar;C:\Users\janek\.netbeans\6.9\modules\ext\axis2\axis2-ant-plugin-1.3.jar;C:\Users\janek\.netbeans\6.9\modules\ext\axis2\axis2-clustering-1.3.jar;C:\Users\janek\.netbeans\6.9\modules\ext\axis2\axis2-codegen-1.3.jar;C:\Users\janek\.netbeans\6.9\modules\ext\axis2\axis2-fastinfoset-1.3.jar;C:\Users\janek\.netbeans\6.9\modules\ext\axis2\axis2-java2wsdl-1.3.jar;C:\Users\janek\.netbeans\6.9\modules\ext\axis2\axis2-jaxbri-1.3.jar;C:\Users\janek\.netbeans\6.9\modules\ext\axis2\axis2-jaxws-1.3.jar;C:\Users\janek\.netbeans\6.9\modules\ext\axis2\axis2-jaxws-api-1.3.jar;C:\Users\janek\.netbeans\6.9\modules\ext\axis2\axis2-jibx-1.3.jar;C:\Users\janek\.netbeans\6.9\modules\ext\axis2\axis2-json-1.3.jar;C:\Users\janek\.netbeans\6.9\modules\ext\axis2\axis2-jws-api-1.3.jar;C:\Users\janek\.netbeans\6.9\modules\ext\axis2\axis2-kernel-1.3.jar;C:\Users\janek\.netbeans\6.9\modules\ext\axis2\axis2-metadata-1.3.jar;C:\Users\janek\.netbeans\6.9\modules\ext\axis2\axis2-mtompolicy-1.3.jar;C:\Users\janek\.netbeans\6.9\modules\ext\axis2\axis2-saaj-1.3.jar;C:\Users\janek\.netbeans\6.9\modules\ext\axis2\axis2-saaj-api-1.3.jar;C:\Users\janek\.netbeans\6.9\modules\ext\axis2\axis2-spring-1.3.jar;C:\Users\janek\.netbeans\6.9\modules\ext\axis2\axis2-xmlbeans-1.3.jar;C:\Users\janek\.netbeans\6.9\modules\ext\axis2\commons-logging-1.1.jar;C:\Users\janek\.netbeans\6.9\modules\ext\axis2\neethi-2.0.2.jar;C:\Users\janek\.netbeans\6.9\modules\ext\axis2\stax-api-1.0.1.jar;C:\Users\janek\.netbeans\6.9\modules\ext\axis2\wsdl4j-1.6.2.jar;C:\Users\janek\.netbeans\6.9\modules\ext\axis2\wstx-asl-3.2.1.jar;C:\Users\janek\.netbeans\6.9\modules\ext\axis2\xbean-2.2.0.jar;C:\Users\janek\.netbeans\6.9\modules\ext\axis2\XmlSchema-1.3.2.jar;C:\Program Files\NetBeans 6.9.1\platform\modules\ext\junit-4.5.jar;C:\Users\janek\Documents\NetBeansProjects\WekaDBApi\WekaDBApi\WEB-INF\lib\sqlitejdbc-v056.jar;C:\Users\janek\Documents\NetBeansProjects\WekaDBApi\WekaDBApi\WEB-INF\lib\postgresql-9.0-801.jdbc4.jar;C:\Users\janek\Documents\NetBeansProjects\WekaDBApi\WekaDBApi\WEB-INF\lib\weka-src.jar;C:\Users\janek\Documents\NetBeansProjects\WekaDBApi\WekaDBApi\WEB-INF\lib\weka.jar;C:\Users\janek\Documents\NetBeansProjects\WekaDBApi\WekaDBApi\build\classes;C:\Users\janek\Documents\NetBeansProjects\WekaDBApi\WekaDBApi\build\test\classes;C:\Users\janek\Documents\NetBeansProjects\WekaDBApi\WekaDBApi;C:\Program Files\NetBeans 6.9.1\java\ant\lib\ant-launcher.jar;C:\Program Files\NetBeans 6.9.1\java\ant\lib\ant.jar;C:\Program Files\NetBeans 6.9.1\java\ant\patches\72080.jar" />
    <property name="do.mkdist" value="true" />
    <property name="libs.absolutelayout.src" value="" />
    <property name="os.version" value="6.1" />
    <property name="application.args" value="" />
    <property name="libs.EclipseLink-GlassFish-v3.javadoc" value="C:\Program Files\NetBeans 6.9.1\enterprise\docs\javaee6-doc-api.zip" />
    <property name="libs.toplink.javadoc" value="C:\Program Files\NetBeans 6.9.1\enterprise\docs\javaee6-doc-api.zip" />
    <property name="sun.desktop" value="windows" />
    <property name="compile.on.save.unsupported.jaxws" value="true" />
    <property name="libs.Comet-GlassFish-v3.src" value="" />
    <property name="libs.restlib.javadoc" value="C:\Program Files\NetBeans 6.9.1\enterprise\docs\jersey-client-1.1.5.1-javadoc.zip;C:\Program Files\NetBeans 6.9.1\enterprise\docs\jersey-core-1.1.5.1-javadoc.zip;C:\Program Files\NetBeans 6.9.1\enterprise\docs\jersey-json-1.1.5.1-javadoc.zip;C:\Program Files\NetBeans 6.9.1\enterprise\docs\jersey-spring-1.1.5.1-javadoc.zip;C:\Program Files\NetBeans 6.9.1\enterprise\docs\oauth-client-1.1.5.1-javadoc.zip;C:\Program Files\NetBeans 6.9.1\enterprise\docs\oauth-signature-1.1.5.1-javadoc.zip" />
    <property name="libs.eclipselink.classpath" value="C:\Program Files\NetBeans 6.9.1\java\modules\ext\eclipselink\eclipselink-2.0.2.jar;C:\Program Files\NetBeans 6.9.1\java\modules\ext\eclipselink\eclipselink-javax.persistence-2.0.jar" />
    <property name="java.awt.graphicsenv" value="sun.awt.Win32GraphicsEnvironment" />
    <property name="libs.beans-binding.javadoc" value="C:\Program Files\NetBeans 6.9.1\java\docs\beansbinding-1.2.1-doc.zip" />
    <property name="libs.Java-EE-GlassFish-v3.classpath" value="C:\glassfish3\glassfish\modules\javax.jms.jar;C:\glassfish3\glassfish\modules\javax.ejb.jar;C:\glassfish3\glassfish\modules\jsf-impl.jar;C:\glassfish3\glassfish\modules\jaxrpc-api-osgi.jar;C:\glassfish3\glassfish\modules\endorsed\javax.annotation.jar;C:\glassfish3\glassfish\modules\endorsed\jaxb-api-osgi.jar;C:\glassfish3\glassfish\modules\endorsed\webservices-api-osgi.jar;C:\glassfish3\glassfish\modules\javax.management.j2ee.jar;C:\glassfish3\glassfish\modules\bean-validator.jar;C:\glassfish3\glassfish\modules\javax.transaction.jar;C:\glassfish3\glassfish\modules\javax.mail.jar;C:\glassfish3\glassfish\modules\jstl-impl.jar;C:\glassfish3\glassfish\modules\javax.servlet.jsp.jar;C:\glassfish3\glassfish\modules\javax.servlet.jar;C:\glassfish3\glassfish\modules\javax.persistence.jar;C:\glassfish3\glassfish\modules\jsf-api.jar;C:\glassfish3\glassfish\modules\javax.security.jacc.jar;C:\glassfish3\glassfish\modules\javax.security.auth.message.jar;C:\glassfish3\glassfish\modules\javax.resource.jar;C:\glassfish3\glassfish\modules\weld-osgi-bundle.jar;C:\glassfish3\glassfish\modules\javax.servlet.jsp.jstl.jar;C:\glassfish3\glassfish\modules\javax.enterprise.deploy.jar;C:\glassfish3\glassfish\modules\web-core.jar" />
    <property name="java.vm.vendor" value="Sun Microsystems Inc." />
    <property name="libs.CopyLibs.classpath" value="C:\Program Files\NetBeans 6.9.1\java\ant\extra\org-netbeans-modules-java-j2seproject-copylibstask.jar" />
    <property name="libs.spring-framework300.classpath" value="C:\Program Files\NetBeans 6.9.1\ide\modules\ext\commons-logging-1.1.jar;C:\Program Files\NetBeans 6.9.1\java\modules\ext\cglib-2.2.jar;C:\Program Files\NetBeans 6.9.1\java\modules\ext\spring-3.0\spring-aop-3.0.2.RELEASE.jar;C:\Program Files\NetBeans 6.9.1\java\modules\ext\spring-3.0\spring-asm-3.0.2.RELEASE.jar;C:\Program Files\NetBeans 6.9.1\java\modules\ext\spring-3.0\spring-aspects-3.0.2.RELEASE.jar;C:\Program Files\NetBeans 6.9.1\java\modules\ext\spring-3.0\spring-beans-3.0.2.RELEASE.jar;C:\Program Files\NetBeans 6.9.1\java\modules\ext\spring-3.0\spring-context-3.0.2.RELEASE.jar;C:\Program Files\NetBeans 6.9.1\java\modules\ext\spring-3.0\spring-context-support-3.0.2.RELEASE.jar;C:\Program Files\NetBeans 6.9.1\java\modules\ext\spring-3.0\spring-core-3.0.2.RELEASE.jar;C:\Program Files\NetBeans 6.9.1\java\modules\ext\spring-3.0\spring-expression-3.0.2.RELEASE.jar;C:\Program Files\NetBeans 6.9.1\java\modules\ext\spring-3.0\spring-instrument-3.0.2.RELEASE.jar;C:\Program Files\NetBeans 6.9.1\java\modules\ext\spring-3.0\spring-instrument-tomcat-3.0.2.RELEASE.jar;C:\Program Files\NetBeans 6.9.1\java\modules\ext\spring-3.0\spring-jdbc-3.0.2.RELEASE.jar;C:\Program Files\NetBeans 6.9.1\java\modules\ext\spring-3.0\spring-jms-3.0.2.RELEASE.jar;C:\Program Files\NetBeans 6.9.1\java\modules\ext\spring-3.0\spring-orm-3.0.2.RELEASE.jar;C:\Program Files\NetBeans 6.9.1\java\modules\ext\spring-3.0\spring-oxm-3.0.2.RELEASE.jar;C:\Program Files\NetBeans 6.9.1\java\modules\ext\spring-3.0\spring-test-3.0.2.RELEASE.jar;C:\Program Files\NetBeans 6.9.1\java\modules\ext\spring-3.0\spring-tx-3.0.2.RELEASE.jar;C:\Program Files\NetBeans 6.9.1\java\modules\ext\spring-3.0\spring-web-3.0.2.RELEASE.jar;C:\Program Files\NetBeans 6.9.1\java\modules\ext\spring-3.0\spring-webmvc-portlet-3.0.2.RELEASE.jar;C:\Program Files\NetBeans 6.9.1\java\modules\ext\spring-3.0\spring-webmvc-3.0.2.RELEASE.jar;C:\Program Files\NetBeans 6.9.1\java\modules\ext\spring-3.0\spring-struts-3.0.2.RELEASE.jar" />
    <property name="libs.jsp-compiler.maven-pom" value="" />
    <property name="libs.spring-webmvc.maven-pom" value="" />
    <property name="libs.Java-EE-GlassFish-v3.wsinterop" value="" />
    <property name="run.jvmargs" value="" />
    <property name="libs.ejb3-persistence.classpath" value="C:\Program Files\NetBeans 6.9.1\java\modules\ext\hibernate\ejb3-persistence.jar" />
    <property name="libs.spring-framework.javadoc" value="" />
    <property name="libs.PostgreSQLDriver.classpath" value="C:\Program Files\NetBeans 6.9.1\ide\modules\ext\postgresql-8.3-603.jdbc3.jar" />
    <property name="libs.jsf12.maven-pom" value="" />
    <property name="libs.junit.src" value="" />
    <property name="annotation.processing.source.output" value="build/generated-sources/ap-source-output" />
    <property name="jnlp.signed" value="false" />
    <property name="build.dir" value="build" />
    <property name="libs.CopyLibs.src" value="" />
    <property name="libs.jsp-compilation.classpath" value="C:\Program Files\NetBeans 6.9.1\java\ant\lib\ant.jar;C:\Program Files\NetBeans 6.9.1\enterprise\modules\ext\servlet2.5-jsp2.1-api.jar;C:\Program Files\NetBeans 6.9.1\enterprise\modules\ext\glassfish-jspparser-2.0.jar;C:\Program Files\NetBeans 6.9.1\enterprise\modules\ext\glassfish-logging-2.0.jar;C:\Program Files\NetBeans 6.9.1\ide\modules\ext\commons-logging-1.1.jar;C:\Program Files\NetBeans 6.9.1\java\ant\lib\ant-launcher.jar" />
    <property name="ant.version" value="Apache Ant version 1.8.1 compiled on April 30 2010" />
    <property name="file.encoding" value="Cp1250" />
    <property name="build.classes.excludes" value="**/*.java,**/*.form" />
    <property name="javadoc.nonavbar" value="false" />
    <property name="jdkBug6558476" value="true" />
    <property name="platform.active" value="default_platform" />
    <property name="awt.toolkit" value="sun.awt.windows.WToolkit" />
  </properties>
  <testcase classname="pl.edu.agh.ftj.datamining.dbapi.webservice.WSIntegrationTest" name="testDataSourceList" time="0.137">
    <failure type="junit.framework.AssertionFailedError">junit.framework.AssertionFailedError: 
	at pl.edu.agh.ftj.datamining.dbapi.webservice.WSIntegrationTest.testDataSourceList(WSIntegrationTest.java:46)
</failure>
  </testcase>
  <testcase classname="pl.edu.agh.ftj.datamining.dbapi.webservice.WSIntegrationTest" name="testDataSource" time="0.118">
    <failure type="junit.framework.AssertionFailedError">junit.framework.AssertionFailedError: 
	at pl.edu.agh.ftj.datamining.dbapi.webservice.WSIntegrationTest.testDataSource(WSIntegrationTest.java:63)
</failure>
  </testcase>
  <system-out><![CDATA[nullnull]]></system-out>
  <system-err><![CDATA[java.lang.NullPointerException
	at pl.edu.agh.ftj.datamining.dbapi.webservice.WSIntegrationTest.testDataSourceList(WSIntegrationTest.java:39)
	at sun.reflect.NativeMethodAccessorImpl.invoke0(Native Method)
	at sun.reflect.NativeMethodAccessorImpl.invoke(NativeMethodAccessorImpl.java:39)
	at sun.reflect.DelegatingMethodAccessorImpl.invoke(DelegatingMethodAccessorImpl.java:25)
	at java.lang.reflect.Method.invoke(Method.java:597)
	at org.junit.runners.model.FrameworkMethod$1.runReflectiveCall(FrameworkMethod.java:44)
	at org.junit.internal.runners.model.ReflectiveCallable.run(ReflectiveCallable.java:15)
	at org.junit.runners.model.FrameworkMethod.invokeExplosively(FrameworkMethod.java:41)
	at org.junit.internal.runners.statements.InvokeMethod.evaluate(InvokeMethod.java:20)
	at org.junit.internal.runners.statements.RunBefores.evaluate(RunBefores.java:28)
	at org.junit.internal.runners.statements.RunAfters.evaluate(RunAfters.java:31)
	at org.junit.runners.BlockJUnit4ClassRunner.runChild(BlockJUnit4ClassRunner.java:73)
	at org.junit.runners.BlockJUnit4ClassRunner.runChild(BlockJUnit4ClassRunner.java:46)
	at org.junit.runners.ParentRunner.runChildren(ParentRunner.java:180)
	at org.junit.runners.ParentRunner.access$000(ParentRunner.java:41)
	at org.junit.runners.ParentRunner$1.evaluate(ParentRunner.java:173)
	at org.junit.internal.runners.statements.RunBefores.evaluate(RunBefores.java:28)
	at org.junit.internal.runners.statements.RunAfters.evaluate(RunAfters.java:31)
	at org.junit.runners.ParentRunner.run(ParentRunner.java:220)
	at junit.framework.JUnit4TestAdapter.run(JUnit4TestAdapter.java:39)
	at org.apache.tools.ant.taskdefs.optional.junit.JUnitTestRunner.run(JUnitTestRunner.java:518)
	at org.apache.tools.ant.taskdefs.optional.junit.JUnitTestRunner.launch(JUnitTestRunner.java:1052)
	at org.apache.tools.ant.taskdefs.optional.junit.JUnitTestRunner.main(JUnitTestRunner.java:906)
java.lang.NullPointerException
	at pl.edu.agh.ftj.datamining.dbapi.webservice.WSIntegrationTest.testDataSource(WSIntegrationTest.java:56)
	at sun.reflect.NativeMethodAccessorImpl.invoke0(Native Method)
	at sun.reflect.NativeMethodAccessorImpl.invoke(NativeMethodAccessorImpl.java:39)
	at sun.reflect.DelegatingMethodAccessorImpl.invoke(DelegatingMethodAccessorImpl.java:25)
	at java.lang.reflect.Method.invoke(Method.java:597)
	at org.junit.runners.model.FrameworkMethod$1.runReflectiveCall(FrameworkMethod.java:44)
	at org.junit.internal.runners.model.ReflectiveCallable.run(ReflectiveCallable.java:15)
	at org.junit.runners.model.FrameworkMethod.invokeExplosively(FrameworkMethod.java:41)
	at org.junit.internal.runners.statements.InvokeMethod.evaluate(InvokeMethod.java:20)
	at org.junit.internal.runners.statements.RunBefores.evaluate(RunBefores.java:28)
	at org.junit.internal.runners.statements.RunAfters.evaluate(RunAfters.java:31)
	at org.junit.runners.BlockJUnit4ClassRunner.runChild(BlockJUnit4ClassRunner.java:73)
	at org.junit.runners.BlockJUnit4ClassRunner.runChild(BlockJUnit4ClassRunner.java:46)
	at org.junit.runners.ParentRunner.runChildren(ParentRunner.java:180)
	at org.junit.runners.ParentRunner.access$000(ParentRunner.java:41)
	at org.junit.runners.ParentRunner$1.evaluate(ParentRunner.java:173)
	at org.junit.internal.runners.statements.RunBefores.evaluate(RunBefores.java:28)
	at org.junit.internal.runners.statements.RunAfters.evaluate(RunAfters.java:31)
	at org.junit.runners.ParentRunner.run(ParentRunner.java:220)
	at junit.framework.JUnit4TestAdapter.run(JUnit4TestAdapter.java:39)
	at org.apache.tools.ant.taskdefs.optional.junit.JUnitTestRunner.run(JUnitTestRunner.java:518)
	at org.apache.tools.ant.taskdefs.optional.junit.JUnitTestRunner.launch(JUnitTestRunner.java:1052)
	at org.apache.tools.ant.taskdefs.optional.junit.JUnitTestRunner.main(JUnitTestRunner.java:906)
]]></system-err>
</testsuite>
